Started GET "/" for 127.0.0.1 at 2016-11-12 11:41:11 +0530

ActiveRecord::PendingMigrationError - 

Migrations are pending. To resolve this issue, run:

	bin/rails db:migrate RAILS_ENV=development

:
  activerecord (5.0.0.1) lib/active_record/migration.rb:572:in `check_pending!'
  activerecord (5.0.0.1) lib/active_record/migration.rb:548:in `call'
  actionpack (5.0.0.1) lib/action_dispatch/middleware/callbacks.rb:38:in `block in call'
  activesupport (5.0.0.1) lib/active_support/callbacks.rb:97:in `__run_callbacks__'
  activesupport (5.0.0.1) lib/active_support/callbacks.rb:750:in `_run_call_callbacks'
  activesupport (5.0.0.1) lib/active_support/callbacks.rb:90:in `run_callbacks'
  actionpack (5.0.0.1) lib/action_dispatch/middleware/callbacks.rb:36:in `call'
  actionpack (5.0.0.1) lib/action_dispatch/middleware/executor.rb:12:in `call'
  actionpack (5.0.0.1) lib/action_dispatch/middleware/remote_ip.rb:79:in `call'
  better_errors (2.1.1) lib/better_errors/middleware.rb:84:in `protected_app_call'
  better_errors (2.1.1) lib/better_errors/middleware.rb:79:in `better_errors_call'
  better_errors (2.1.1) lib/better_errors/middleware.rb:57:in `call'
  actionpack (5.0.0.1) lib/action_dispatch/middleware/debug_exceptions.rb:49:in `call'
  web-console (3.3.1) lib/web_console/middleware.rb:131:in `call_app'
  web-console (3.3.1) lib/web_console/middleware.rb:28:in `block in call'
  web-console (3.3.1) lib/web_console/middleware.rb:18:in `catch'
  web-console (3.3.1) lib/web_console/middleware.rb:18:in `call'
  actionpack (5.0.0.1) lib/action_dispatch/middleware/show_exceptions.rb:31:in `call'
  railties (5.0.0.1) lib/rails/rack/logger.rb:36:in `call_app'
  railties (5.0.0.1) lib/rails/rack/logger.rb:24:in `block in call'
  activesupport (5.0.0.1) lib/active_support/tagged_logging.rb:70:in `block in tagged'
  activesupport (5.0.0.1) lib/active_support/tagged_logging.rb:26:in `tagged'
  activesupport (5.0.0.1) lib/active_support/tagged_logging.rb:70:in `tagged'
  railties (5.0.0.1) lib/rails/rack/logger.rb:24:in `call'
  sprockets-rails (3.2.0) lib/sprockets/rails/quiet_assets.rb:13:in `call'
  actionpack (5.0.0.1) lib/action_dispatch/middleware/request_id.rb:24:in `call'
  rack (2.0.1) lib/rack/method_override.rb:22:in `call'
  rack (2.0.1) lib/rack/runtime.rb:22:in `call'
  activesupport (5.0.0.1) lib/active_support/cache/strategy/local_cache_middleware.rb:28:in `call'
  actionpack (5.0.0.1) lib/action_dispatch/middleware/executor.rb:12:in `call'
  actionpack (5.0.0.1) lib/action_dispatch/middleware/static.rb:136:in `call'
  rack (2.0.1) lib/rack/sendfile.rb:111:in `call'
  railties (5.0.0.1) lib/rails/engine.rb:522:in `call'
  puma (3.6.0) lib/puma/configuration.rb:225:in `call'
  puma (3.6.0) lib/puma/server.rb:578:in `handle_request'
  puma (3.6.0) lib/puma/server.rb:415:in `process_client'
  puma (3.6.0) lib/puma/server.rb:275:in `block in run'
  puma (3.6.0) lib/puma/thread_pool.rb:116:in `block in spawn_thread'

Started POST "/__better_errors/acf90a857d78f2e9/variables" for 127.0.0.1 at 2016-11-12 11:41:11 +0530
  [1m[35m (146.6ms)[0m  [1m[35mCREATE TABLE "schema_migrations" ("version" varchar NOT NULL PRIMARY KEY)[0m
  [1m[35m (113.3ms)[0m  [1m[35mCREATE TABLE "ar_internal_metadata" ("key" varchar NOT NULL PRIMARY KEY, "value" varchar, "created_at" datetime NOT NULL, "updated_at" datetime NOT NULL)[0m
  [1m[36mActiveRecord::SchemaMigration Load (0.2ms)[0m  [1m[34mSELECT "schema_migrations".* FROM "schema_migrations"[0m
Migrating to DeviseCreateUsers (20140828012909)
  [1m[35m (0.1ms)[0m  [1m[36mbegin transaction[0m
DEPRECATION WARNING: Directly inheriting from ActiveRecord::Migration is deprecated. Please specify the Rails release the migration was written for:

  class DeviseCreateUsers < ActiveRecord::Migration[4.2] (called from require at /home/vineet/Semester5/rails-devise-roles/bin/rails:9)
  [1m[35m (0.5ms)[0m  [1m[35mCREATE TABLE "users" ("id" INTEGER PRIMARY KEY AUTOINCREMENT NOT NULL, "email" varchar DEFAULT '' NOT NULL, "encrypted_password" varchar DEFAULT '' NOT NULL, "reset_password_token" varchar, "reset_password_sent_at" datetime, "remember_created_at" datetime, "sign_in_count" integer DEFAULT 0 NOT NULL, "current_sign_in_at" datetime, "last_sign_in_at" datetime, "current_sign_in_ip" varchar, "last_sign_in_ip" varchar, "created_at" datetime, "updated_at" datetime)[0m
  [1m[35m (0.1ms)[0m  [1m[34mselect sqlite_version(*)[0m
  [1m[35m (0.2ms)[0m  [1m[35mCREATE UNIQUE INDEX "index_users_on_email" ON "users" ("email")[0m
  [1m[35m (0.1ms)[0m  [1m[34m            SELECT sql
            FROM sqlite_master
            WHERE name='index_users_on_email' AND type='index'
            UNION ALL
            SELECT sql
            FROM sqlite_temp_master
            WHERE name='index_users_on_email' AND type='index'
[0m
  [1m[35m (0.2ms)[0m  [1m[35mCREATE UNIQUE INDEX "index_users_on_reset_password_token" ON "users" ("reset_password_token")[0m
  [1m[35mSQL (0.3ms)[0m  [1m[32mINSERT INTO "schema_migrations" ("version") VALUES (?)[0m  [["version", "20140828012909"]]
  [1m[35m (113.9ms)[0m  [1m[36mcommit transaction[0m
Migrating to AddNameToUsers (20140828012911)
  [1m[35m (0.1ms)[0m  [1m[36mbegin transaction[0m
DEPRECATION WARNING: Directly inheriting from ActiveRecord::Migration is deprecated. Please specify the Rails release the migration was written for:

  class AddNameToUsers < ActiveRecord::Migration[4.2] (called from require at /home/vineet/Semester5/rails-devise-roles/bin/rails:9)
  [1m[35m (0.4ms)[0m  [1m[35mALTER TABLE "users" ADD "name" varchar[0m
  [1m[35mSQL (0.1ms)[0m  [1m[32mINSERT INTO "schema_migrations" ("version") VALUES (?)[0m  [["version", "20140828012911"]]
  [1m[35m (107.8ms)[0m  [1m[36mcommit transaction[0m
Migrating to AddRoleToUsers (20140828012915)
  [1m[35m (0.2ms)[0m  [1m[36mbegin transaction[0m
DEPRECATION WARNING: Directly inheriting from ActiveRecord::Migration is deprecated. Please specify the Rails release the migration was written for:

  class AddRoleToUsers < ActiveRecord::Migration[4.2] (called from require at /home/vineet/Semester5/rails-devise-roles/bin/rails:9)
  [1m[35m (1.0ms)[0m  [1m[35mALTER TABLE "users" ADD "role" integer[0m
  [1m[35mSQL (0.3ms)[0m  [1m[32mINSERT INTO "schema_migrations" ("version") VALUES (?)[0m  [["version", "20140828012915"]]
  [1m[35m (114.4ms)[0m  [1m[36mcommit transaction[0m
  [1m[36mActiveRecord::InternalMetadata Load (0.6ms)[0m  [1m[34mSELECT  "ar_internal_metadata".* FROM "ar_internal_metadata" WHERE "ar_internal_metadata"."key" = ? LIMIT ?[0m  [["key", :environment], ["LIMIT", 1]]
  [1m[35m (0.2ms)[0m  [1m[36mbegin transaction[0m
  [1m[35mSQL (0.3ms)[0m  [1m[32mINSERT INTO "ar_internal_metadata" ("key", "value", "created_at", "updated_at") VALUES (?, ?, ?, ?)[0m  [["key", "environment"], ["value", "development"], ["created_at", 2016-11-12 06:11:24 UTC], ["updated_at", 2016-11-12 06:11:24 UTC]]
  [1m[35m (103.0ms)[0m  [1m[36mcommit transaction[0m
  [1m[36mActiveRecord::SchemaMigration Load (0.3ms)[0m  [1m[34mSELECT "schema_migrations".* FROM "schema_migrations"[0m
  [1m[35m (0.2ms)[0m  [1m[34m            SELECT sql
            FROM sqlite_master
            WHERE name='index_users_on_reset_password_token' AND type='index'
            UNION ALL
            SELECT sql
            FROM sqlite_temp_master
            WHERE name='index_users_on_reset_password_token' AND type='index'
[0m
  [1m[35m (0.1ms)[0m  [1m[34m            SELECT sql
            FROM sqlite_master
            WHERE name='index_users_on_email' AND type='index'
            UNION ALL
            SELECT sql
            FROM sqlite_temp_master
            WHERE name='index_users_on_email' AND type='index'
[0m
Started GET "/" for 127.0.0.1 at 2016-11-12 11:41:31 +0530
  [1m[36mActiveRecord::SchemaMigration Load (0.2ms)[0m  [1m[34mSELECT "schema_migrations".* FROM "schema_migrations"[0m
Processing by VisitorsController#index as HTML
  Rendering visitors/index.html.erb within layouts/application
  [1m[35m (0.3ms)[0m  [1m[34mSELECT COUNT(*) FROM "users"[0m
  Rendered visitors/index.html.erb within layouts/application (9.8ms)
  Rendered layouts/_navigation_links.html.erb (0.9ms)
  Rendered layouts/_nav_links_for_auth.html.erb (5.7ms)
  Rendered layouts/_navigation.html.erb (9.5ms)
  Rendered layouts/_messages.html.erb (0.9ms)
Completed 200 OK in 4753ms (Views: 4736.4ms | ActiveRecord: 0.7ms)


Started GET "/" for 127.0.0.1 at 2016-11-12 11:41:39 +0530
Processing by VisitorsController#index as HTML
  Rendering visitors/index.html.erb within layouts/application
  [1m[35m (0.6ms)[0m  [1m[34mSELECT COUNT(*) FROM "users"[0m
  Rendered visitors/index.html.erb within layouts/application (3.5ms)
  Rendered layouts/_navigation_links.html.erb (0.5ms)
  Rendered layouts/_nav_links_for_auth.html.erb (1.0ms)
  Rendered layouts/_navigation.html.erb (3.5ms)
  Rendered layouts/_messages.html.erb (0.5ms)
Completed 200 OK in 88ms (Views: 84.7ms | ActiveRecord: 0.6ms)


Started GET "/users/sign_in" for 127.0.0.1 at 2016-11-12 11:41:43 +0530
Processing by Devise::SessionsController#new as HTML
  Rendering devise/sessions/new.html.erb within layouts/application
  Rendered devise/sessions/new.html.erb within layouts/application (853.7ms)
  Rendered layouts/_navigation_links.html.erb (0.5ms)
  Rendered layouts/_nav_links_for_auth.html.erb (1.2ms)
  Rendered layouts/_navigation.html.erb (4.1ms)
  Rendered layouts/_messages.html.erb (1.1ms)
Completed 200 OK in 974ms (Views: 932.0ms | ActiveRecord: 1.1ms)


Started POST "/users/sign_in" for 127.0.0.1 at 2016-11-12 11:41:55 +0530
Processing by Devise::SessionsController#create as HTML
  Parameters: {"utf8"=>"✓", "authenticity_token"=>"rK76b9tX8MZ+EiY8FNSToaT2JaaHLZvaGiB6ZjxdDxsL1VPer0N6NBNwqIngqPlnD58BdWY4i6iOOW2qDHZiNQ==", "user"=>{"email"=>"user@example.com", "password"=>"[FILTERED]", "remember_me"=>"0"}, "commit"=>"Sign in"}
  [1m[36mUser Load (0.5ms)[0m  [1m[34mSELECT  "users".* FROM "users" WHERE "users"."email" = ? ORDER BY "users"."id" ASC LIMIT ?[0m  [["email", "user@example.com"], ["LIMIT", 1]]
Completed 401 Unauthorized in 19ms (ActiveRecord: 0.5ms)


Processing by Devise::SessionsController#new as HTML
  Parameters: {"utf8"=>"✓", "authenticity_token"=>"rK76b9tX8MZ+EiY8FNSToaT2JaaHLZvaGiB6ZjxdDxsL1VPer0N6NBNwqIngqPlnD58BdWY4i6iOOW2qDHZiNQ==", "user"=>{"email"=>"user@example.com", "password"=>"[FILTERED]", "remember_me"=>"0"}, "commit"=>"Sign in"}
  Rendering devise/sessions/new.html.erb within layouts/application
  Rendered devise/sessions/new.html.erb within layouts/application (3.7ms)
  Rendered layouts/_navigation_links.html.erb (0.6ms)
  Rendered layouts/_nav_links_for_auth.html.erb (1.1ms)
  Rendered layouts/_navigation.html.erb (3.7ms)
  Rendered layouts/_messages.html.erb (0.8ms)
Completed 200 OK in 344ms (Views: 89.6ms | ActiveRecord: 0.0ms)


Started POST "/users/sign_in" for 127.0.0.1 at 2016-11-12 11:42:00 +0530
Processing by Devise::SessionsController#create as HTML
  Parameters: {"utf8"=>"✓", "authenticity_token"=>"SnA4QOZ5RPDU02kWEnh8oUPYt7HcBMZQHJz382EKG9H3SsB+kzVMe/LCZEPVx2NnpmvleBdOcRJZEbiuvP9hDw==", "user"=>{"email"=>"user@example.com", "password"=>"[FILTERED]", "remember_me"=>"0"}, "commit"=>"Sign in"}
  [1m[36mUser Load (0.3ms)[0m  [1m[34mSELECT  "users".* FROM "users" WHERE "users"."email" = ? ORDER BY "users"."id" ASC LIMIT ?[0m  [["email", "user@example.com"], ["LIMIT", 1]]
Completed 401 Unauthorized in 4ms (ActiveRecord: 0.3ms)


Processing by Devise::SessionsController#new as HTML
  Parameters: {"utf8"=>"✓", "authenticity_token"=>"SnA4QOZ5RPDU02kWEnh8oUPYt7HcBMZQHJz382EKG9H3SsB+kzVMe/LCZEPVx2NnpmvleBdOcRJZEbiuvP9hDw==", "user"=>{"email"=>"user@example.com", "password"=>"[FILTERED]", "remember_me"=>"0"}, "commit"=>"Sign in"}
  Rendering devise/sessions/new.html.erb within layouts/application
  Rendered devise/sessions/new.html.erb within layouts/application (4.2ms)
  Rendered layouts/_navigation_links.html.erb (0.6ms)
  Rendered layouts/_nav_links_for_auth.html.erb (1.0ms)
  Rendered layouts/_navigation.html.erb (3.7ms)
  Rendered layouts/_messages.html.erb (0.6ms)
Completed 200 OK in 308ms (Views: 84.8ms | ActiveRecord: 0.0ms)


Started GET "/users/sign_up" for 127.0.0.1 at 2016-11-12 11:42:02 +0530
Processing by Devise::RegistrationsController#new as HTML
  Rendering devise/registrations/new.html.erb within layouts/application
  Rendered devise/registrations/new.html.erb within layouts/application (5.7ms)
  Rendered layouts/_navigation_links.html.erb (1.2ms)
  Rendered layouts/_nav_links_for_auth.html.erb (2.2ms)
  Rendered layouts/_navigation.html.erb (7.7ms)
  Rendered layouts/_messages.html.erb (0.8ms)
Completed 200 OK in 106ms (Views: 104.2ms | ActiveRecord: 0.0ms)


Started GET "/users/sign_in" for 127.0.0.1 at 2016-11-12 11:43:23 +0530
Processing by Devise::SessionsController#new as HTML
  Rendering devise/sessions/new.html.erb within layouts/application
  Rendered devise/sessions/new.html.erb within layouts/application (7.3ms)
  Rendered layouts/_navigation_links.html.erb (0.5ms)
  Rendered layouts/_nav_links_for_auth.html.erb (2.1ms)
  Rendered layouts/_navigation.html.erb (5.4ms)
  Rendered layouts/_messages.html.erb (1.0ms)
Completed 200 OK in 140ms (Views: 137.1ms | ActiveRecord: 0.0ms)


Started GET "/pages/about" for 127.0.0.1 at 2016-11-12 11:43:24 +0530
Processing by HighVoltage::PagesController#show as HTML
  Parameters: {"id"=>"about"}
  Rendering pages/about.html.erb within layouts/application
  Rendered pages/about.html.erb within layouts/application (0.9ms)
  Rendered layouts/_navigation_links.html.erb (0.5ms)
  Rendered layouts/_nav_links_for_auth.html.erb (1.2ms)
  Rendered layouts/_navigation.html.erb (3.8ms)
  Rendered layouts/_messages.html.erb (0.6ms)
Completed 200 OK in 82ms (Views: 80.0ms | ActiveRecord: 0.0ms)


Started GET "/users/sign_in" for 127.0.0.1 at 2016-11-12 11:43:25 +0530
Processing by Devise::SessionsController#new as HTML
  Rendering devise/sessions/new.html.erb within layouts/application
  Rendered devise/sessions/new.html.erb within layouts/application (7.6ms)
  Rendered layouts/_navigation_links.html.erb (0.7ms)
  Rendered layouts/_nav_links_for_auth.html.erb (1.0ms)
  Rendered layouts/_navigation.html.erb (4.1ms)
  Rendered layouts/_messages.html.erb (0.5ms)
Completed 200 OK in 105ms (Views: 102.6ms | ActiveRecord: 0.0ms)


Started POST "/users/sign_in" for 127.0.0.1 at 2016-11-12 11:43:35 +0530
Processing by Devise::SessionsController#create as HTML
  Parameters: {"utf8"=>"✓", "authenticity_token"=>"vGT+vegKm2xti1FRFYlsJv+vCXhfIak0ftFmrGw0H2sbH1cMnB4RngDp3+Th9QbgVMYtq740uUbqyHFgXB9yRQ==", "user"=>{"email"=>"user@example.com", "password"=>"[FILTERED]", "remember_me"=>"0"}, "commit"=>"Sign in"}
  [1m[36mUser Load (0.4ms)[0m  [1m[34mSELECT  "users".* FROM "users" WHERE "users"."email" = ? ORDER BY "users"."id" ASC LIMIT ?[0m  [["email", "user@example.com"], ["LIMIT", 1]]
Completed 401 Unauthorized in 4ms (ActiveRecord: 0.4ms)


Processing by Devise::SessionsController#new as HTML
  Parameters: {"utf8"=>"✓", "authenticity_token"=>"vGT+vegKm2xti1FRFYlsJv+vCXhfIak0ftFmrGw0H2sbH1cMnB4RngDp3+Th9QbgVMYtq740uUbqyHFgXB9yRQ==", "user"=>{"email"=>"user@example.com", "password"=>"[FILTERED]", "remember_me"=>"0"}, "commit"=>"Sign in"}
  Rendering devise/sessions/new.html.erb within layouts/application
  Rendered devise/sessions/new.html.erb within layouts/application (4.0ms)
  Rendered layouts/_navigation_links.html.erb (0.6ms)
  Rendered layouts/_nav_links_for_auth.html.erb (1.1ms)
  Rendered layouts/_navigation.html.erb (4.0ms)
  Rendered layouts/_messages.html.erb (0.8ms)
Completed 200 OK in 291ms (Views: 67.6ms | ActiveRecord: 0.0ms)


Started POST "/users/sign_in" for 127.0.0.1 at 2016-11-12 11:43:45 +0530
Processing by Devise::SessionsController#create as HTML
  Parameters: {"utf8"=>"✓", "authenticity_token"=>"V+p1bYJkqJ2JIA+0cUwLWCeyopO3T+VB0MWwRACWgSvq0I1T9yigFq8xAuG28xSewgHwWnwFUgOVSP8Z3WP79Q==", "user"=>{"email"=>"user@example.com", "password"=>"[FILTERED]", "remember_me"=>"0"}, "commit"=>"Sign in"}
  [1m[36mUser Load (0.7ms)[0m  [1m[34mSELECT  "users".* FROM "users" WHERE "users"."email" = ? ORDER BY "users"."id" ASC LIMIT ?[0m  [["email", "user@example.com"], ["LIMIT", 1]]
Completed 401 Unauthorized in 4ms (ActiveRecord: 0.7ms)


Processing by Devise::SessionsController#new as HTML
  Parameters: {"utf8"=>"✓", "authenticity_token"=>"V+p1bYJkqJ2JIA+0cUwLWCeyopO3T+VB0MWwRACWgSvq0I1T9yigFq8xAuG28xSewgHwWnwFUgOVSP8Z3WP79Q==", "user"=>{"email"=>"user@example.com", "password"=>"[FILTERED]", "remember_me"=>"0"}, "commit"=>"Sign in"}
  Rendering devise/sessions/new.html.erb within layouts/application
  Rendered devise/sessions/new.html.erb within layouts/application (3.7ms)
  Rendered layouts/_navigation_links.html.erb (0.5ms)
  Rendered layouts/_nav_links_for_auth.html.erb (0.8ms)
  Rendered layouts/_navigation.html.erb (3.4ms)
  Rendered layouts/_messages.html.erb (0.6ms)
Completed 200 OK in 284ms (Views: 64.1ms | ActiveRecord: 0.0ms)


Started GET "/users/sign_up" for 127.0.0.1 at 2016-11-12 11:43:47 +0530
Processing by Devise::RegistrationsController#new as HTML
  Rendering devise/registrations/new.html.erb within layouts/application
  Rendered devise/registrations/new.html.erb within layouts/application (5.1ms)
  Rendered layouts/_navigation_links.html.erb (0.5ms)
  Rendered layouts/_nav_links_for_auth.html.erb (1.2ms)
  Rendered layouts/_navigation.html.erb (3.8ms)
  Rendered layouts/_messages.html.erb (0.6ms)
Completed 200 OK in 98ms (Views: 95.9ms | ActiveRecord: 0.0ms)


Started POST "/users" for 127.0.0.1 at 2016-11-12 11:43:56 +0530
Processing by Devise::RegistrationsController#create as HTML
  Parameters: {"utf8"=>"✓", "authenticity_token"=>"LFBKLpZwOY9lALoCJCIGIhrJEXeYODstafAPilWvNiLNDidM32SC9jqRlqKddA8ht3pezbipjPERHaJd/W9UQw==", "user"=>{"name"=>"raju", "email"=>"raju@gmail.com", "password"=>"[FILTERED]", "password_confirmation"=>"[FILTERED]"}, "commit"=>"Sign up"}
  [1m[35m (0.1ms)[0m  [1m[36mbegin transaction[0m
  [1m[36mUser Exists (0.2ms)[0m  [1m[34mSELECT  1 AS one FROM "users" WHERE "users"."email" = ? LIMIT ?[0m  [["email", "raju@gmail.com"], ["LIMIT", 1]]
  [1m[35m (0.1ms)[0m  [1m[31mrollback transaction[0m
  Rendering devise/registrations/new.html.erb within layouts/application
  Rendered devise/registrations/new.html.erb within layouts/application (5.5ms)
  Rendered layouts/_navigation_links.html.erb (0.5ms)
  Rendered layouts/_nav_links_for_auth.html.erb (1.3ms)
  Rendered layouts/_navigation.html.erb (3.8ms)
  Rendered layouts/_messages.html.erb (0.9ms)
Completed 200 OK in 328ms (Views: 75.4ms | ActiveRecord: 0.4ms)


Started POST "/users" for 127.0.0.1 at 2016-11-12 11:44:04 +0530
Processing by Devise::RegistrationsController#create as HTML
  Parameters: {"utf8"=>"✓", "authenticity_token"=>"xN3y5SVyUvKhkPgT8TC9Fq/wsgi9v1iJ7jlat2k6dsB55wrbUD5aeYeB9UY2j6LQSkPgwXb178urtBXqtM8MHg==", "user"=>{"name"=>"raju", "email"=>"raju@gmail.com", "password"=>"[FILTERED]", "password_confirmation"=>"[FILTERED]"}, "commit"=>"Sign up"}
  [1m[35m (0.1ms)[0m  [1m[36mbegin transaction[0m
  [1m[36mUser Exists (0.2ms)[0m  [1m[34mSELECT  1 AS one FROM "users" WHERE "users"."email" = ? LIMIT ?[0m  [["email", "raju@gmail.com"], ["LIMIT", 1]]
  [1m[35mSQL (0.3ms)[0m  [1m[32mINSERT INTO "users" ("email", "encrypted_password", "created_at", "updated_at", "name", "role") VALUES (?, ?, ?, ?, ?, ?)[0m  [["email", "raju@gmail.com"], ["encrypted_password", "$2a$11$lo2NEYZs2OkXM25oQP1DwOvrIzCqX.YjnR7JMtOK9.alxyKbnoTd2"], ["created_at", 2016-11-12 06:14:04 UTC], ["updated_at", 2016-11-12 06:14:04 UTC], ["name", "raju"], ["role", 0]]
  [1m[35m (104.0ms)[0m  [1m[36mcommit transaction[0m
  [1m[35m (0.3ms)[0m  [1m[36mbegin transaction[0m
  [1m[35mSQL (0.4ms)[0m  [1m[33mUPDATE "users" SET "sign_in_count" = ?, "current_sign_in_at" = ?, "last_sign_in_at" = ?, "current_sign_in_ip" = ?, "last_sign_in_ip" = ?, "updated_at" = ? WHERE "users"."id" = ?[0m  [["sign_in_count", 1], ["current_sign_in_at", 2016-11-12 06:14:04 UTC], ["last_sign_in_at", 2016-11-12 06:14:04 UTC], ["current_sign_in_ip", "127.0.0.1"], ["last_sign_in_ip", "127.0.0.1"], ["updated_at", 2016-11-12 06:14:04 UTC], ["id", 1]]
  [1m[35m (100.9ms)[0m  [1m[36mcommit transaction[0m
Redirected to http://localhost:3000/
Completed 302 Found in 455ms (ActiveRecord: 206.2ms)


Started GET "/" for 127.0.0.1 at 2016-11-12 11:44:04 +0530
Processing by VisitorsController#index as HTML
  Rendering visitors/index.html.erb within layouts/application
  [1m[35m (0.3ms)[0m  [1m[34mSELECT COUNT(*) FROM "users"[0m
  Rendered visitors/index.html.erb within layouts/application (2.7ms)
  Rendered layouts/_navigation_links.html.erb (0.7ms)
  [1m[36mUser Load (0.3ms)[0m  [1m[34mSELECT  "users".* FROM "users" WHERE "users"."id" = ? ORDER BY "users"."id" ASC LIMIT ?[0m  [["id", 1], ["LIMIT", 1]]
  Rendered layouts/_nav_links_for_auth.html.erb (2.4ms)
  Rendered layouts/_navigation.html.erb (7.7ms)
  Rendered layouts/_messages.html.erb (1.0ms)
Completed 200 OK in 83ms (Views: 80.8ms | ActiveRecord: 0.5ms)


Started GET "/users" for 127.0.0.1 at 2016-11-12 11:44:07 +0530
Processing by UsersController#index as HTML
  [1m[36mUser Load (0.5ms)[0m  [1m[34mSELECT  "users".* FROM "users" WHERE "users"."id" = ? ORDER BY "users"."id" ASC LIMIT ?[0m  [["id", 1], ["LIMIT", 1]]
Redirected to http://localhost:3000/
Filter chain halted as :admin_only rendered or redirected
Completed 302 Found in 6ms (ActiveRecord: 0.5ms)


Started GET "/" for 127.0.0.1 at 2016-11-12 11:44:07 +0530
Processing by VisitorsController#index as HTML
  Rendering visitors/index.html.erb within layouts/application
  [1m[35m (0.3ms)[0m  [1m[34mSELECT COUNT(*) FROM "users"[0m
  Rendered visitors/index.html.erb within layouts/application (4.0ms)
  Rendered layouts/_navigation_links.html.erb (0.5ms)
  [1m[36mUser Load (0.4ms)[0m  [1m[34mSELECT  "users".* FROM "users" WHERE "users"."id" = ? ORDER BY "users"."id" ASC LIMIT ?[0m  [["id", 1], ["LIMIT", 1]]
  Rendered layouts/_nav_links_for_auth.html.erb (2.4ms)
  Rendered layouts/_navigation.html.erb (5.2ms)
  Rendered layouts/_messages.html.erb (0.9ms)
Completed 200 OK in 90ms (Views: 87.2ms | ActiveRecord: 0.7ms)


Started GET "/users/edit" for 127.0.0.1 at 2016-11-12 11:44:09 +0530
Processing by Devise::RegistrationsController#edit as HTML
  [1m[36mUser Load (0.3ms)[0m  [1m[34mSELECT  "users".* FROM "users" WHERE "users"."id" = ? ORDER BY "users"."id" ASC LIMIT ?[0m  [["id", 1], ["LIMIT", 1]]
  Rendering devise/registrations/edit.html.erb within layouts/application
  Rendered devise/registrations/edit.html.erb within layouts/application (9.3ms)
  Rendered layouts/_navigation_links.html.erb (0.6ms)
  Rendered layouts/_nav_links_for_auth.html.erb (0.9ms)
  Rendered layouts/_navigation.html.erb (4.0ms)
  Rendered layouts/_messages.html.erb (0.6ms)
Completed 200 OK in 96ms (Views: 93.6ms | ActiveRecord: 0.3ms)


Started GET "/pages/about" for 127.0.0.1 at 2016-11-12 11:44:10 +0530
Processing by HighVoltage::PagesController#show as HTML
  Parameters: {"id"=>"about"}
  Rendering pages/about.html.erb within layouts/application
  Rendered pages/about.html.erb within layouts/application (1.0ms)
  Rendered layouts/_navigation_links.html.erb (0.8ms)
  [1m[36mUser Load (0.3ms)[0m  [1m[34mSELECT  "users".* FROM "users" WHERE "users"."id" = ? ORDER BY "users"."id" ASC LIMIT ?[0m  [["id", 1], ["LIMIT", 1]]
  Rendered layouts/_nav_links_for_auth.html.erb (2.2ms)
  Rendered layouts/_navigation.html.erb (5.8ms)
  Rendered layouts/_messages.html.erb (1.0ms)
Completed 200 OK in 98ms (Views: 97.0ms | ActiveRecord: 0.3ms)


Started DELETE "/users/sign_out" for 127.0.0.1 at 2016-11-12 11:44:11 +0530
Processing by Devise::SessionsController#destroy as HTML
  Parameters: {"authenticity_token"=>"9FHk4P0bCHZn0pFvPY/pVMunvSy800uYDiv9KH2qQIxJaxzeiFcA/UHDnDr6MPaSLhTv5XeZ/NpLprJ1oF86Ug=="}
  [1m[36mUser Load (0.4ms)[0m  [1m[34mSELECT  "users".* FROM "users" WHERE "users"."id" = ? ORDER BY "users"."id" ASC LIMIT ?[0m  [["id", 1], ["LIMIT", 1]]
  [1m[35m (0.1ms)[0m  [1m[36mbegin transaction[0m
  [1m[35m (0.1ms)[0m  [1m[36mcommit transaction[0m
Redirected to http://localhost:3000/
Completed 302 Found in 32ms (ActiveRecord: 0.6ms)


Started GET "/" for 127.0.0.1 at 2016-11-12 11:44:11 +0530
Processing by VisitorsController#index as HTML
  Rendering visitors/index.html.erb within layouts/application
  [1m[35m (0.2ms)[0m  [1m[34mSELECT COUNT(*) FROM "users"[0m
  Rendered visitors/index.html.erb within layouts/application (2.3ms)
  Rendered layouts/_navigation_links.html.erb (0.5ms)
  Rendered layouts/_nav_links_for_auth.html.erb (1.0ms)
  Rendered layouts/_navigation.html.erb (3.5ms)
  Rendered layouts/_messages.html.erb (0.9ms)
Completed 200 OK in 83ms (Views: 80.4ms | ActiveRecord: 0.2ms)


Started GET "/users/sign_in" for 127.0.0.1 at 2016-11-12 11:44:13 +0530
Processing by Devise::SessionsController#new as HTML
  Rendering devise/sessions/new.html.erb within layouts/application
  Rendered devise/sessions/new.html.erb within layouts/application (6.4ms)
  Rendered layouts/_navigation_links.html.erb (1.1ms)
  Rendered layouts/_nav_links_for_auth.html.erb (2.6ms)
  Rendered layouts/_navigation.html.erb (9.1ms)
  Rendered layouts/_messages.html.erb (1.1ms)
Completed 200 OK in 97ms (Views: 95.0ms | ActiveRecord: 0.0ms)


  [1m[35m (73.9ms)[0m  [1m[35mCREATE TABLE `schema_migrations` (`version` varchar(255) PRIMARY KEY) ENGINE=InnoDB[0m
  [1m[35m (107.5ms)[0m  [1m[35mCREATE TABLE `ar_internal_metadata` (`key` varchar(255) PRIMARY KEY, `value` varchar(255), `created_at` datetime NOT NULL, `updated_at` datetime NOT NULL) ENGINE=InnoDB[0m
  [1m[35m (0.3ms)[0m  [1m[34mSELECT DATABASE() as db[0m
  [1m[35m (0.3ms)[0m  [1m[34mSELECT GET_LOCK('736455138594655620', 0);[0m
  [1m[36mActiveRecord::SchemaMigration Load (0.6ms)[0m  [1m[34mSELECT `schema_migrations`.* FROM `schema_migrations`[0m
Migrating to DeviseCreateUsers (20140828012909)
DEPRECATION WARNING: Directly inheriting from ActiveRecord::Migration is deprecated. Please specify the Rails release the migration was written for:

  class DeviseCreateUsers < ActiveRecord::Migration[4.2] (called from load at /home/vineet/.rbenv/versions/2.3.1/bin/rake:23)
  [1m[35m (99.3ms)[0m  [1m[35mCREATE TABLE `users` (`id` int AUTO_INCREMENT PRIMARY KEY, `email` varchar(255) DEFAULT '' NOT NULL, `encrypted_password` varchar(255) DEFAULT '' NOT NULL, `reset_password_token` varchar(255), `reset_password_sent_at` datetime, `remember_created_at` datetime, `sign_in_count` int DEFAULT 0 NOT NULL, `current_sign_in_at` datetime, `last_sign_in_at` datetime, `current_sign_in_ip` varchar(255), `last_sign_in_ip` varchar(255), `created_at` datetime, `updated_at` datetime) ENGINE=InnoDB[0m
  [1m[35m (144.9ms)[0m  [1m[35mCREATE UNIQUE INDEX `index_users_on_email`  ON `users` (`email`) [0m
  [1m[35m (121.4ms)[0m  [1m[35mCREATE UNIQUE INDEX `index_users_on_reset_password_token`  ON `users` (`reset_password_token`) [0m
  [1m[35m (0.3ms)[0m  [1m[35mBEGIN[0m
  [1m[35mSQL (0.5ms)[0m  [1m[32mINSERT INTO `schema_migrations` (`version`) VALUES ('20140828012909')[0m
  [1m[35m (40.3ms)[0m  [1m[35mCOMMIT[0m
Migrating to AddNameToUsers (20140828012911)
DEPRECATION WARNING: Directly inheriting from ActiveRecord::Migration is deprecated. Please specify the Rails release the migration was written for:

  class AddNameToUsers < ActiveRecord::Migration[4.2] (called from load at /home/vineet/.rbenv/versions/2.3.1/bin/rake:23)
  [1m[35m (178.1ms)[0m  [1m[35mALTER TABLE `users` ADD `name` varchar(255)[0m
  [1m[35m (0.3ms)[0m  [1m[35mBEGIN[0m
  [1m[35mSQL (0.4ms)[0m  [1m[32mINSERT INTO `schema_migrations` (`version`) VALUES ('20140828012911')[0m
  [1m[35m (40.9ms)[0m  [1m[35mCOMMIT[0m
Migrating to AddRoleToUsers (20140828012915)
DEPRECATION WARNING: Directly inheriting from ActiveRecord::Migration is deprecated. Please specify the Rails release the migration was written for:

  class AddRoleToUsers < ActiveRecord::Migration[4.2] (called from load at /home/vineet/.rbenv/versions/2.3.1/bin/rake:23)
  [1m[35m (167.0ms)[0m  [1m[35mALTER TABLE `users` ADD `role` int[0m
  [1m[35m (0.3ms)[0m  [1m[35mBEGIN[0m
  [1m[35mSQL (0.4ms)[0m  [1m[32mINSERT INTO `schema_migrations` (`version`) VALUES ('20140828012915')[0m
  [1m[35m (64.6ms)[0m  [1m[35mCOMMIT[0m
  [1m[36mActiveRecord::InternalMetadata Load (0.6ms)[0m  [1m[34mSELECT  `ar_internal_metadata`.* FROM `ar_internal_metadata` WHERE `ar_internal_metadata`.`key` = 'environment' LIMIT 1[0m
  [1m[35m (0.2ms)[0m  [1m[35mBEGIN[0m
  [1m[35mSQL (0.4ms)[0m  [1m[32mINSERT INTO `ar_internal_metadata` (`key`, `value`, `created_at`, `updated_at`) VALUES ('environment', 'development', '2016-11-12 06:22:52', '2016-11-12 06:22:52')[0m
  [1m[35m (94.8ms)[0m  [1m[35mCOMMIT[0m
  [1m[35m (0.5ms)[0m  [1m[34mSELECT RELEASE_LOCK('736455138594655620')[0m
  [1m[36mActiveRecord::SchemaMigration Load (0.5ms)[0m  [1m[34mSELECT `schema_migrations`.* FROM `schema_migrations`[0m
  [1m[35m (0.4ms)[0m  [1m[35mSHOW CREATE TABLE `users`[0m
  [1m[35m (0.7ms)[0m  [1m[35mSHOW TABLE STATUS LIKE 'users'[0m
  [1m[35m (0.6ms)[0m  [1m[34mSELECT fk.referenced_table_name as 'to_table'
      ,fk.referenced_column_name as 'primary_key'
      ,fk.column_name as 'column'
      ,fk.constraint_name as 'name'
FROM information_schema.key_column_usage fk
WHERE fk.referenced_column_name is not null
  AND fk.table_schema = 'rails-devise-roles_development'
  AND fk.table_name = 'users'
[0m
Started GET "/" for 127.0.0.1 at 2016-11-12 11:53:16 +0530
  [1m[36mActiveRecord::SchemaMigration Load (0.7ms)[0m  [1m[34mSELECT `schema_migrations`.* FROM `schema_migrations`[0m
Processing by VisitorsController#index as HTML
  Rendering visitors/index.html.erb within layouts/application
  [1m[35m (0.4ms)[0m  [1m[34mSELECT COUNT(*) FROM `users`[0m
  Rendered visitors/index.html.erb within layouts/application (11.6ms)
  Rendered layouts/_navigation_links.html.erb (1.5ms)
  Rendered layouts/_nav_links_for_auth.html.erb (7.8ms)
  Rendered layouts/_navigation.html.erb (12.5ms)
  Rendered layouts/_messages.html.erb (1.7ms)
Completed 200 OK in 519ms (Views: 499.6ms | ActiveRecord: 1.9ms)


Started GET "/users/sign_in" for 127.0.0.1 at 2016-11-12 11:53:21 +0530
Processing by Devise::SessionsController#new as HTML
  Rendering devise/sessions/new.html.erb within layouts/application
  Rendered devise/sessions/new.html.erb within layouts/application (572.3ms)
  Rendered layouts/_navigation_links.html.erb (0.5ms)
  Rendered layouts/_nav_links_for_auth.html.erb (1.0ms)
  Rendered layouts/_navigation.html.erb (3.7ms)
  Rendered layouts/_messages.html.erb (0.5ms)
Completed 200 OK in 679ms (Views: 633.2ms | ActiveRecord: 1.1ms)


Started POST "/users/sign_in" for 127.0.0.1 at 2016-11-12 11:53:32 +0530
Processing by Devise::SessionsController#create as HTML
  Parameters: {"utf8"=>"✓", "authenticity_token"=>"CZ2hv+IkeRfWZkYFpezYFFI5lHsHutMTGtMG19CfngKaWFmsCYhaD2cttq3qkXOIkUgbMsvT0oJ+Nv+mE5ekQA==", "user"=>{"email"=>"user@example.com", "password"=>"[FILTERED]", "remember_me"=>"0"}, "commit"=>"Sign in"}
  [1m[36mUser Load (0.5ms)[0m  [1m[34mSELECT  `users`.* FROM `users` WHERE `users`.`email` = 'user@example.com' ORDER BY `users`.`id` ASC LIMIT 1[0m
Completed 401 Unauthorized in 5ms (ActiveRecord: 0.5ms)


Processing by Devise::SessionsController#new as HTML
  Parameters: {"utf8"=>"✓", "authenticity_token"=>"CZ2hv+IkeRfWZkYFpezYFFI5lHsHutMTGtMG19CfngKaWFmsCYhaD2cttq3qkXOIkUgbMsvT0oJ+Nv+mE5ekQA==", "user"=>{"email"=>"user@example.com", "password"=>"[FILTERED]", "remember_me"=>"0"}, "commit"=>"Sign in"}
  Rendering devise/sessions/new.html.erb within layouts/application
  Rendered devise/sessions/new.html.erb within layouts/application (3.1ms)
  Rendered layouts/_navigation_links.html.erb (0.5ms)
  Rendered layouts/_nav_links_for_auth.html.erb (1.0ms)
  Rendered layouts/_navigation.html.erb (3.5ms)
  Rendered layouts/_messages.html.erb (0.8ms)
Completed 200 OK in 295ms (Views: 64.5ms | ActiveRecord: 0.0ms)


  [1m[36mActiveRecord::SchemaMigration Load (0.7ms)[0m  [1m[34mSELECT `schema_migrations`.* FROM `schema_migrations`[0m
  [1m[35m (0.5ms)[0m  [1m[34mSELECT `ar_internal_metadata`.`value` FROM `ar_internal_metadata` WHERE `ar_internal_metadata`.`key` = 'environment'[0m
  [1m[36mActiveRecord::SchemaMigration Load (0.3ms)[0m  [1m[34mSELECT `schema_migrations`.* FROM `schema_migrations`[0m
  [1m[35m (0.4ms)[0m  [1m[34mSELECT `ar_internal_metadata`.`value` FROM `ar_internal_metadata` WHERE `ar_internal_metadata`.`key` = 'environment'[0m
  [1m[36mActiveRecord::SchemaMigration Load (0.3ms)[0m  [1m[34mSELECT `schema_migrations`.* FROM `schema_migrations`[0m
  [1m[35m (0.5ms)[0m  [1m[34mSELECT `ar_internal_metadata`.`value` FROM `ar_internal_metadata` WHERE `ar_internal_metadata`.`key` = 'environment'[0m
  [1m[35m (142.2ms)[0m  [1m[35mDROP DATABASE IF EXISTS `rails-devise-roles_development`[0m
  [1m[35m (0.8ms)[0m  [1m[35mDROP DATABASE IF EXISTS `rails-devise-roles_test`[0m
  [1m[35m (0.5ms)[0m  [1m[35mCREATE DATABASE `rails-devise-roles_development` DEFAULT CHARACTER SET `utf8`[0m
  [1m[35m (0.5ms)[0m  [1m[35mCREATE DATABASE `rails-devise-roles_test` DEFAULT CHARACTER SET `utf8`[0m
  [1m[35m (72.6ms)[0m  [1m[35mCREATE TABLE `users` (`id` int AUTO_INCREMENT PRIMARY KEY, `email` varchar(255) DEFAULT '' NOT NULL, `encrypted_password` varchar(255) DEFAULT '' NOT NULL, `reset_password_token` varchar(255), `reset_password_sent_at` datetime, `remember_created_at` datetime, `sign_in_count` int DEFAULT 0 NOT NULL, `current_sign_in_at` datetime, `last_sign_in_at` datetime, `current_sign_in_ip` varchar(255), `last_sign_in_ip` varchar(255), `created_at` datetime, `updated_at` datetime, `name` varchar(255), `role` int, UNIQUE INDEX `index_users_on_email` USING btree (`email`), UNIQUE INDEX `index_users_on_reset_password_token` USING btree (`reset_password_token`)) ENGINE=InnoDB DEFAULT CHARSET=utf8[0m
  [1m[35m (65.2ms)[0m  [1m[35mCREATE TABLE `schema_migrations` (`version` varchar(255) PRIMARY KEY) ENGINE=InnoDB[0m
  [1m[35m (0.7ms)[0m  [1m[34mSELECT version FROM `schema_migrations`[0m
  [1m[35m (31.9ms)[0m  [1m[32mINSERT INTO `schema_migrations` (version) VALUES ('20140828012915')[0m
  [1m[35m (33.5ms)[0m  [1m[32mINSERT INTO schema_migrations (version) VALUES ('20140828012911'), ('20140828012909');

[0m
  [1m[35m (74.9ms)[0m  [1m[35mCREATE TABLE `ar_internal_metadata` (`key` varchar(255) PRIMARY KEY, `value` varchar(255), `created_at` datetime NOT NULL, `updated_at` datetime NOT NULL) ENGINE=InnoDB[0m
  [1m[36mActiveRecord::InternalMetadata Load (0.5ms)[0m  [1m[34mSELECT  `ar_internal_metadata`.* FROM `ar_internal_metadata` WHERE `ar_internal_metadata`.`key` = 'environment' LIMIT 1[0m
  [1m[35m (0.2ms)[0m  [1m[35mBEGIN[0m
  [1m[35mSQL (0.5ms)[0m  [1m[32mINSERT INTO `ar_internal_metadata` (`key`, `value`, `created_at`, `updated_at`) VALUES ('environment', 'development', '2016-11-12 06:26:42', '2016-11-12 06:26:42')[0m
  [1m[35m (34.7ms)[0m  [1m[35mCOMMIT[0m
  [1m[36mActiveRecord::InternalMetadata Load (0.6ms)[0m  [1m[34mSELECT  `ar_internal_metadata`.* FROM `ar_internal_metadata` WHERE `ar_internal_metadata`.`key` = 'environment' LIMIT 1[0m
  [1m[35m (0.2ms)[0m  [1m[35mBEGIN[0m
  [1m[35m (0.2ms)[0m  [1m[35mCOMMIT[0m
  [1m[35m (77.2ms)[0m  [1m[35mCREATE TABLE `users` (`id` int AUTO_INCREMENT PRIMARY KEY, `email` varchar(255) DEFAULT '' NOT NULL, `encrypted_password` varchar(255) DEFAULT '' NOT NULL, `reset_password_token` varchar(255), `reset_password_sent_at` datetime, `remember_created_at` datetime, `sign_in_count` int DEFAULT 0 NOT NULL, `current_sign_in_at` datetime, `last_sign_in_at` datetime, `current_sign_in_ip` varchar(255), `last_sign_in_ip` varchar(255), `created_at` datetime, `updated_at` datetime, `name` varchar(255), `role` int, UNIQUE INDEX `index_users_on_email` USING btree (`email`), UNIQUE INDEX `index_users_on_reset_password_token` USING btree (`reset_password_token`)) ENGINE=InnoDB DEFAULT CHARSET=utf8[0m
  [1m[35m (85.8ms)[0m  [1m[35mCREATE TABLE `schema_migrations` (`version` varchar(255) PRIMARY KEY) ENGINE=InnoDB[0m
  [1m[35m (0.6ms)[0m  [1m[34mSELECT version FROM `schema_migrations`[0m
  [1m[35m (65.9ms)[0m  [1m[32mINSERT INTO `schema_migrations` (version) VALUES ('20140828012915')[0m
  [1m[35m (45.0ms)[0m  [1m[32mINSERT INTO schema_migrations (version) VALUES ('20140828012911'), ('20140828012909');

[0m
  [1m[35m (111.7ms)[0m  [1m[35mCREATE TABLE `ar_internal_metadata` (`key` varchar(255) PRIMARY KEY, `value` varchar(255), `created_at` datetime NOT NULL, `updated_at` datetime NOT NULL) ENGINE=InnoDB[0m
  [1m[36mActiveRecord::InternalMetadata Load (0.7ms)[0m  [1m[34mSELECT  `ar_internal_metadata`.* FROM `ar_internal_metadata` WHERE `ar_internal_metadata`.`key` = 'environment' LIMIT 1[0m
  [1m[35m (0.3ms)[0m  [1m[35mBEGIN[0m
  [1m[35mSQL (0.5ms)[0m  [1m[32mINSERT INTO `ar_internal_metadata` (`key`, `value`, `created_at`, `updated_at`) VALUES ('environment', 'development', '2016-11-12 06:26:43', '2016-11-12 06:26:43')[0m
  [1m[35m (29.2ms)[0m  [1m[35mCOMMIT[0m
  [1m[36mActiveRecord::InternalMetadata Load (0.6ms)[0m  [1m[34mSELECT  `ar_internal_metadata`.* FROM `ar_internal_metadata` WHERE `ar_internal_metadata`.`key` = 'environment' LIMIT 1[0m
  [1m[35m (0.2ms)[0m  [1m[35mBEGIN[0m
  [1m[35m (0.3ms)[0m  [1m[35mCOMMIT[0m
  [1m[36mActiveRecord::SchemaMigration Load (0.4ms)[0m  [1m[34mSELECT `schema_migrations`.* FROM `schema_migrations`[0m
  [1m[36mUser Load (0.4ms)[0m  [1m[34mSELECT  `users`.* FROM `users` WHERE `users`.`email` = 'user@example.com' LIMIT 1[0m
  [1m[35m (0.3ms)[0m  [1m[35mBEGIN[0m
  [1m[36mUser Exists (0.7ms)[0m  [1m[34mSELECT  1 AS one FROM `users` WHERE `users`.`email` = BINARY 'user@example.com' LIMIT 1[0m
  [1m[35mSQL (0.5ms)[0m  [1m[32mINSERT INTO `users` (`email`, `encrypted_password`, `created_at`, `updated_at`, `role`) VALUES ('user@example.com', '$2a$11$Ib/8ot3E8Jn.o/eROn7laOMEsWuPu2QHwpnfGoAhwhsJAZVXLtlU2', '2016-11-12 06:26:43', '2016-11-12 06:26:43', 2)[0m
  [1m[35m (28.0ms)[0m  [1m[35mCOMMIT[0m
  [1m[35m (0.3ms)[0m  [1m[35mBEGIN[0m
  [1m[35m (0.3ms)[0m  [1m[35mCOMMIT[0m
  [1m[36mActiveRecord::SchemaMigration Load (0.4ms)[0m  [1m[34mSELECT `schema_migrations`.* FROM `schema_migrations`[0m
  [1m[36mUser Load (0.6ms)[0m  [1m[34mSELECT  `users`.* FROM `users` WHERE `users`.`email` = 'user@example.com' LIMIT 1[0m
Started GET "/users/sign_in" for 127.0.0.1 at 2016-11-12 11:57:08 +0530
  [1m[36mActiveRecord::SchemaMigration Load (0.6ms)[0m  [1m[34mSELECT `schema_migrations`.* FROM `schema_migrations`[0m
Processing by Devise::SessionsController#new as HTML
  Rendering devise/sessions/new.html.erb within layouts/application
  Rendered devise/sessions/new.html.erb within layouts/application (618.9ms)
  Rendered layouts/_navigation_links.html.erb (0.5ms)
  Rendered layouts/_nav_links_for_auth.html.erb (1.0ms)
  Rendered layouts/_navigation.html.erb (3.5ms)
  Rendered layouts/_messages.html.erb (0.6ms)
Completed 200 OK in 957ms (Views: 919.3ms | ActiveRecord: 2.1ms)


Started POST "/users/sign_in" for 127.0.0.1 at 2016-11-12 11:57:18 +0530
Processing by Devise::SessionsController#create as HTML
  Parameters: {"utf8"=>"✓", "authenticity_token"=>"5DqmIR4B7aRyaXzKTCGBAq1x5RIfWpdAz5kK3JD+f7NZrPvbBABbQgJa0Z8VRUF3UYNw3raUHUwHlnzA4fMwjQ==", "user"=>{"email"=>"user@example.com", "password"=>"[FILTERED]", "remember_me"=>"0"}, "commit"=>"Sign in"}
  [1m[36mUser Load (0.7ms)[0m  [1m[34mSELECT  `users`.* FROM `users` WHERE `users`.`email` = 'user@example.com' ORDER BY `users`.`id` ASC LIMIT 1[0m
  [1m[35m (0.2ms)[0m  [1m[35mBEGIN[0m
  [1m[35mSQL (0.6ms)[0m  [1m[33mUPDATE `users` SET `current_sign_in_at` = '2016-11-12 06:27:18', `last_sign_in_at` = '2016-11-12 06:27:18', `current_sign_in_ip` = '127.0.0.1', `last_sign_in_ip` = '127.0.0.1', `sign_in_count` = 1, `updated_at` = '2016-11-12 06:27:18' WHERE `users`.`id` = 1[0m
  [1m[35m (35.9ms)[0m  [1m[35mCOMMIT[0m
Redirected to http://localhost:3000/
Completed 302 Found in 296ms (ActiveRecord: 37.4ms)


Started GET "/" for 127.0.0.1 at 2016-11-12 11:57:18 +0530
Processing by VisitorsController#index as HTML
  Rendering visitors/index.html.erb within layouts/application
  [1m[35m (0.6ms)[0m  [1m[34mSELECT COUNT(*) FROM `users`[0m
  Rendered visitors/index.html.erb within layouts/application (2.4ms)
  Rendered layouts/_navigation_links.html.erb (0.6ms)
  [1m[36mUser Load (0.7ms)[0m  [1m[34mSELECT  `users`.* FROM `users` WHERE `users`.`id` = 1 ORDER BY `users`.`id` ASC LIMIT 1[0m
  Rendered layouts/_nav_links_for_auth.html.erb (5.7ms)
  Rendered layouts/_navigation.html.erb (10.5ms)
  Rendered layouts/_messages.html.erb (3.4ms)
Completed 200 OK in 141ms (Views: 137.5ms | ActiveRecord: 1.4ms)


Started GET "/users" for 127.0.0.1 at 2016-11-12 11:57:22 +0530
Processing by UsersController#index as HTML
  [1m[36mUser Load (0.4ms)[0m  [1m[34mSELECT  `users`.* FROM `users` WHERE `users`.`id` = 1 ORDER BY `users`.`id` ASC LIMIT 1[0m
  Rendering users/index.html.erb within layouts/application
  [1m[36mUser Load (1.2ms)[0m  [1m[34mSELECT `users`.* FROM `users`[0m
  Rendered users/_user.html.erb (6.3ms)
  Rendered users/index.html.erb within layouts/application (11.9ms)
  Rendered layouts/_navigation_links.html.erb (0.5ms)
  Rendered layouts/_nav_links_for_auth.html.erb (1.1ms)
  Rendered layouts/_navigation.html.erb (4.0ms)
  Rendered layouts/_messages.html.erb (0.7ms)
Completed 200 OK in 116ms (Views: 110.6ms | ActiveRecord: 1.6ms)


Started GET "/users" for 127.0.0.1 at 2016-11-12 11:57:25 +0530
Processing by UsersController#index as HTML
  [1m[36mUser Load (0.5ms)[0m  [1m[34mSELECT  `users`.* FROM `users` WHERE `users`.`id` = 1 ORDER BY `users`.`id` ASC LIMIT 1[0m
  Rendering users/index.html.erb within layouts/application
  [1m[36mUser Load (0.4ms)[0m  [1m[34mSELECT `users`.* FROM `users`[0m
  Rendered users/_user.html.erb (3.3ms)
  Rendered users/index.html.erb within layouts/application (6.6ms)
  Rendered layouts/_navigation_links.html.erb (0.5ms)
  Rendered layouts/_nav_links_for_auth.html.erb (0.9ms)
  Rendered layouts/_navigation.html.erb (4.1ms)
  Rendered layouts/_messages.html.erb (0.7ms)
Completed 200 OK in 106ms (Views: 100.5ms | ActiveRecord: 0.9ms)


Started DELETE "/users/sign_out" for 127.0.0.1 at 2016-11-12 11:57:26 +0530
Processing by Devise::SessionsController#destroy as HTML
  Parameters: {"authenticity_token"=>"r06svsRPS2b2Lcv+/GGodKD0g8icD8b9JJmcgpzT7DSO2YJlBp1ONiJOeCJQbZXM0H55DPUy74FwANAwHsVt3g=="}
  [1m[36mUser Load (0.5ms)[0m  [1m[34mSELECT  `users`.* FROM `users` WHERE `users`.`id` = 1 ORDER BY `users`.`id` ASC LIMIT 1[0m
  [1m[35m (0.3ms)[0m  [1m[35mBEGIN[0m
  [1m[35m (0.2ms)[0m  [1m[35mCOMMIT[0m
Redirected to http://localhost:3000/
Completed 302 Found in 14ms (ActiveRecord: 1.0ms)


Started GET "/" for 127.0.0.1 at 2016-11-12 11:57:26 +0530
Processing by VisitorsController#index as HTML
  Rendering visitors/index.html.erb within layouts/application
  [1m[35m (0.4ms)[0m  [1m[34mSELECT COUNT(*) FROM `users`[0m
  Rendered visitors/index.html.erb within layouts/application (2.3ms)
  Rendered layouts/_navigation_links.html.erb (0.5ms)
  Rendered layouts/_nav_links_for_auth.html.erb (1.1ms)
  Rendered layouts/_navigation.html.erb (4.0ms)
  Rendered layouts/_messages.html.erb (0.8ms)
Completed 200 OK in 81ms (Views: 78.9ms | ActiveRecord: 0.4ms)


Started GET "/users/sign_in" for 127.0.0.1 at 2016-11-12 11:57:27 +0530
Processing by Devise::SessionsController#new as HTML
  Rendering devise/sessions/new.html.erb within layouts/application
  Rendered devise/sessions/new.html.erb within layouts/application (5.7ms)
  Rendered layouts/_navigation_links.html.erb (0.7ms)
  Rendered layouts/_nav_links_for_auth.html.erb (1.4ms)
  Rendered layouts/_navigation.html.erb (4.4ms)
  Rendered layouts/_messages.html.erb (0.8ms)
Completed 200 OK in 99ms (Views: 95.3ms | ActiveRecord: 0.0ms)


Started GET "/users/sign_up" for 127.0.0.1 at 2016-11-12 11:57:28 +0530
Processing by Devise::RegistrationsController#new as HTML
  Rendering devise/registrations/new.html.erb within layouts/application
  Rendered devise/registrations/new.html.erb within layouts/application (7.7ms)
  Rendered layouts/_navigation_links.html.erb (1.3ms)
  Rendered layouts/_nav_links_for_auth.html.erb (1.8ms)
  Rendered layouts/_navigation.html.erb (7.5ms)
  Rendered layouts/_messages.html.erb (0.8ms)
Completed 200 OK in 123ms (Views: 120.1ms | ActiveRecord: 0.0ms)


Started POST "/users" for 127.0.0.1 at 2016-11-12 11:57:47 +0530
Processing by Devise::RegistrationsController#create as HTML
  Parameters: {"utf8"=>"✓", "authenticity_token"=>"tblVjnoq2Xjs7VkEGDty5BrDAjMuzbnM4wlX9Wey7BHNvfZDmB8ykTyE+JpPYOtSl7MrNtAHVRCMeyjZ+wyQUg==", "user"=>{"name"=>"vineet", "email"=>"vineet@gmail.com", "password"=>"[FILTERED]", "password_confirmation"=>"[FILTERED]"}, "commit"=>"Sign up"}
  [1m[35m (0.2ms)[0m  [1m[35mBEGIN[0m
  [1m[36mUser Exists (0.7ms)[0m  [1m[34mSELECT  1 AS one FROM `users` WHERE `users`.`email` = BINARY 'vineet@gmail.com' LIMIT 1[0m
  [1m[35mSQL (0.8ms)[0m  [1m[32mINSERT INTO `users` (`email`, `encrypted_password`, `created_at`, `updated_at`, `name`, `role`) VALUES ('vineet@gmail.com', '$2a$11$8PBEv.4JZXdTZJZrM72ygewOquyQuk.kQWwa6Hdi5GfKT3T3DFGyW', '2016-11-12 06:27:47', '2016-11-12 06:27:47', 'vineet', 0)[0m
  [1m[35m (52.2ms)[0m  [1m[35mCOMMIT[0m
  [1m[35m (0.3ms)[0m  [1m[35mBEGIN[0m
  [1m[35mSQL (0.8ms)[0m  [1m[33mUPDATE `users` SET `sign_in_count` = 1, `current_sign_in_at` = '2016-11-12 06:27:47', `last_sign_in_at` = '2016-11-12 06:27:47', `current_sign_in_ip` = '127.0.0.1', `last_sign_in_ip` = '127.0.0.1' WHERE `users`.`id` = 2[0m
  [1m[35m (33.5ms)[0m  [1m[35mCOMMIT[0m
Redirected to http://localhost:3000/
Completed 302 Found in 355ms (ActiveRecord: 88.6ms)


Started GET "/" for 127.0.0.1 at 2016-11-12 11:57:48 +0530
Processing by VisitorsController#index as HTML
  Rendering visitors/index.html.erb within layouts/application
  [1m[35m (0.5ms)[0m  [1m[34mSELECT COUNT(*) FROM `users`[0m
  Rendered visitors/index.html.erb within layouts/application (2.6ms)
  Rendered layouts/_navigation_links.html.erb (0.8ms)
  [1m[36mUser Load (0.6ms)[0m  [1m[34mSELECT  `users`.* FROM `users` WHERE `users`.`id` = 2 ORDER BY `users`.`id` ASC LIMIT 1[0m
  Rendered layouts/_nav_links_for_auth.html.erb (2.9ms)
  Rendered layouts/_navigation.html.erb (6.5ms)
  Rendered layouts/_messages.html.erb (0.8ms)
Completed 200 OK in 82ms (Views: 78.3ms | ActiveRecord: 1.2ms)


Started GET "/users" for 127.0.0.1 at 2016-11-12 11:57:50 +0530
Processing by UsersController#index as HTML
  [1m[36mUser Load (0.5ms)[0m  [1m[34mSELECT  `users`.* FROM `users` WHERE `users`.`id` = 2 ORDER BY `users`.`id` ASC LIMIT 1[0m
Redirected to http://localhost:3000/
Filter chain halted as :admin_only rendered or redirected
Completed 302 Found in 5ms (ActiveRecord: 0.5ms)


Started GET "/" for 127.0.0.1 at 2016-11-12 11:57:50 +0530
Processing by VisitorsController#index as HTML
  Rendering visitors/index.html.erb within layouts/application
  [1m[35m (0.3ms)[0m  [1m[34mSELECT COUNT(*) FROM `users`[0m
  Rendered visitors/index.html.erb within layouts/application (2.4ms)
  Rendered layouts/_navigation_links.html.erb (0.4ms)
  [1m[36mUser Load (0.6ms)[0m  [1m[34mSELECT  `users`.* FROM `users` WHERE `users`.`id` = 2 ORDER BY `users`.`id` ASC LIMIT 1[0m
  Rendered layouts/_nav_links_for_auth.html.erb (2.7ms)
  Rendered layouts/_navigation.html.erb (5.2ms)
  Rendered layouts/_messages.html.erb (0.8ms)
Completed 200 OK in 72ms (Views: 69.2ms | ActiveRecord: 1.0ms)


Started GET "/users/edit" for 127.0.0.1 at 2016-11-12 11:57:55 +0530
Processing by Devise::RegistrationsController#edit as HTML
  [1m[36mUser Load (0.4ms)[0m  [1m[34mSELECT  `users`.* FROM `users` WHERE `users`.`id` = 2 ORDER BY `users`.`id` ASC LIMIT 1[0m
  Rendering devise/registrations/edit.html.erb within layouts/application
  Rendered devise/registrations/edit.html.erb within layouts/application (8.7ms)
  Rendered layouts/_navigation_links.html.erb (0.5ms)
  Rendered layouts/_nav_links_for_auth.html.erb (0.8ms)
  Rendered layouts/_navigation.html.erb (3.3ms)
  Rendered layouts/_messages.html.erb (0.5ms)
Completed 200 OK in 82ms (Views: 79.1ms | ActiveRecord: 0.4ms)


Started DELETE "/users/sign_out" for 127.0.0.1 at 2016-11-12 11:57:56 +0530
Processing by Devise::SessionsController#destroy as HTML
  Parameters: {"authenticity_token"=>"uBybGb+4a2EPyS/w7hWRTYFrxdpxB1QGWlgmEtkMhVAIu3cc2Dnw7WehJ1way6Q7F/plXpX9SqWFJHwPE7eSuw=="}
  [1m[36mUser Load (0.6ms)[0m  [1m[34mSELECT  `users`.* FROM `users` WHERE `users`.`id` = 2 ORDER BY `users`.`id` ASC LIMIT 1[0m
  [1m[35m (0.2ms)[0m  [1m[35mBEGIN[0m
  [1m[35m (0.1ms)[0m  [1m[35mCOMMIT[0m
Redirected to http://localhost:3000/
Completed 302 Found in 8ms (ActiveRecord: 0.9ms)


Started GET "/" for 127.0.0.1 at 2016-11-12 11:57:56 +0530
Processing by VisitorsController#index as HTML
  Rendering visitors/index.html.erb within layouts/application
  [1m[35m (0.4ms)[0m  [1m[34mSELECT COUNT(*) FROM `users`[0m
  Rendered visitors/index.html.erb within layouts/application (2.1ms)
  Rendered layouts/_navigation_links.html.erb (0.5ms)
  Rendered layouts/_nav_links_for_auth.html.erb (2.2ms)
  Rendered layouts/_navigation.html.erb (5.1ms)
  Rendered layouts/_messages.html.erb (0.8ms)
Completed 200 OK in 76ms (Views: 73.6ms | ActiveRecord: 0.4ms)


Started GET "/users/sign_in" for 127.0.0.1 at 2016-11-12 11:57:58 +0530
Processing by Devise::SessionsController#new as HTML
  Rendering devise/sessions/new.html.erb within layouts/application
  Rendered devise/sessions/new.html.erb within layouts/application (4.8ms)
  Rendered layouts/_navigation_links.html.erb (0.5ms)
  Rendered layouts/_nav_links_for_auth.html.erb (1.0ms)
  Rendered layouts/_navigation.html.erb (3.4ms)
  Rendered layouts/_messages.html.erb (0.5ms)
Completed 200 OK in 102ms (Views: 100.1ms | ActiveRecord: 0.0ms)


Started POST "/users/sign_in" for 127.0.0.1 at 2016-11-12 11:58:09 +0530
Processing by Devise::SessionsController#create as HTML
  Parameters: {"utf8"=>"✓", "authenticity_token"=>"Zr8HrdbM4KiwLURoNa7vNEEWLZWPOzNlL2wbl8crEuOrmJ8yYiBo0BQFN/DuFc/CGWEtjsoyUlZGt+tRFIqWMQ==", "user"=>{"email"=>"user@example.com", "password"=>"[FILTERED]", "remember_me"=>"0"}, "commit"=>"Sign in"}
  [1m[36mUser Load (0.6ms)[0m  [1m[34mSELECT  `users`.* FROM `users` WHERE `users`.`email` = 'user@example.com' ORDER BY `users`.`id` ASC LIMIT 1[0m
  [1m[35m (0.3ms)[0m  [1m[35mBEGIN[0m
  [1m[35mSQL (0.5ms)[0m  [1m[33mUPDATE `users` SET `current_sign_in_at` = '2016-11-12 06:28:09', `sign_in_count` = 2, `updated_at` = '2016-11-12 06:28:09' WHERE `users`.`id` = 1[0m
  [1m[35m (39.1ms)[0m  [1m[35mCOMMIT[0m
Redirected to http://localhost:3000/
Completed 302 Found in 275ms (ActiveRecord: 40.6ms)


Started GET "/" for 127.0.0.1 at 2016-11-12 11:58:09 +0530
Processing by VisitorsController#index as HTML
  Rendering visitors/index.html.erb within layouts/application
  [1m[35m (0.4ms)[0m  [1m[34mSELECT COUNT(*) FROM `users`[0m
  Rendered visitors/index.html.erb within layouts/application (1.8ms)
  Rendered layouts/_navigation_links.html.erb (0.5ms)
  [1m[36mUser Load (0.7ms)[0m  [1m[34mSELECT  `users`.* FROM `users` WHERE `users`.`id` = 1 ORDER BY `users`.`id` ASC LIMIT 1[0m
  Rendered layouts/_nav_links_for_auth.html.erb (3.5ms)
  Rendered layouts/_navigation.html.erb (6.0ms)
  Rendered layouts/_messages.html.erb (1.2ms)
Completed 200 OK in 69ms (Views: 66.3ms | ActiveRecord: 1.1ms)


Started GET "/users" for 127.0.0.1 at 2016-11-12 11:58:12 +0530
Processing by UsersController#index as HTML
  [1m[36mUser Load (0.4ms)[0m  [1m[34mSELECT  `users`.* FROM `users` WHERE `users`.`id` = 1 ORDER BY `users`.`id` ASC LIMIT 1[0m
  Rendering users/index.html.erb within layouts/application
  [1m[36mUser Load (0.5ms)[0m  [1m[34mSELECT `users`.* FROM `users`[0m
  Rendered users/_user.html.erb (4.2ms)
  Rendered users/_user.html.erb (2.2ms)
  Rendered users/index.html.erb within layouts/application (11.5ms)
  Rendered layouts/_navigation_links.html.erb (0.9ms)
  Rendered layouts/_nav_links_for_auth.html.erb (0.9ms)
  Rendered layouts/_navigation.html.erb (4.2ms)
  Rendered layouts/_messages.html.erb (0.5ms)
Completed 200 OK in 88ms (Views: 84.1ms | ActiveRecord: 0.9ms)


Started GET "/users/edit" for 127.0.0.1 at 2016-11-12 11:58:19 +0530
Processing by Devise::RegistrationsController#edit as HTML
  [1m[36mUser Load (0.5ms)[0m  [1m[34mSELECT  `users`.* FROM `users` WHERE `users`.`id` = 1 ORDER BY `users`.`id` ASC LIMIT 1[0m
  Rendering devise/registrations/edit.html.erb within layouts/application
  Rendered devise/registrations/edit.html.erb within layouts/application (8.1ms)
  Rendered layouts/_navigation_links.html.erb (0.5ms)
  Rendered layouts/_nav_links_for_auth.html.erb (0.8ms)
  Rendered layouts/_navigation.html.erb (3.3ms)
  Rendered layouts/_messages.html.erb (0.5ms)
Completed 200 OK in 77ms (Views: 74.1ms | ActiveRecord: 0.5ms)


Started DELETE "/users/sign_out" for 127.0.0.1 at 2016-11-12 11:58:20 +0530
Processing by Devise::SessionsController#destroy as HTML
  Parameters: {"authenticity_token"=>"osnz7ByJK6kuyNHlxfcMYT1F6NeQUdadWB/bMP9FQEyOIrGbuYv0Fq307mQO5omZNJPzrKx07k7yaSYl1bW1hQ=="}
  [1m[36mUser Load (0.7ms)[0m  [1m[34mSELECT  `users`.* FROM `users` WHERE `users`.`id` = 1 ORDER BY `users`.`id` ASC LIMIT 1[0m
  [1m[35m (0.2ms)[0m  [1m[35mBEGIN[0m
  [1m[35m (0.2ms)[0m  [1m[35mCOMMIT[0m
Redirected to http://localhost:3000/
Completed 302 Found in 9ms (ActiveRecord: 1.1ms)


Started GET "/" for 127.0.0.1 at 2016-11-12 11:58:20 +0530
Processing by VisitorsController#index as HTML
  Rendering visitors/index.html.erb within layouts/application
  [1m[35m (0.6ms)[0m  [1m[34mSELECT COUNT(*) FROM `users`[0m
  Rendered visitors/index.html.erb within layouts/application (2.6ms)
  Rendered layouts/_navigation_links.html.erb (0.7ms)
  Rendered layouts/_nav_links_for_auth.html.erb (2.1ms)
  Rendered layouts/_navigation.html.erb (5.9ms)
  Rendered layouts/_messages.html.erb (1.0ms)
Completed 200 OK in 98ms (Views: 95.7ms | ActiveRecord: 0.6ms)


Started GET "/" for 127.0.0.1 at 2016-11-12 17:04:36 +0530
  [1m[36mActiveRecord::SchemaMigration Load (0.4ms)[0m  [1m[34mSELECT `schema_migrations`.* FROM `schema_migrations`[0m

ActiveRecord::PendingMigrationError - 

Migrations are pending. To resolve this issue, run:

	bin/rails db:migrate RAILS_ENV=development

:
  activerecord (5.0.0.1) lib/active_record/migration.rb:572:in `check_pending!'
  activerecord (5.0.0.1) lib/active_record/migration.rb:548:in `call'
  actionpack (5.0.0.1) lib/action_dispatch/middleware/callbacks.rb:38:in `block in call'
  activesupport (5.0.0.1) lib/active_support/callbacks.rb:97:in `__run_callbacks__'
  activesupport (5.0.0.1) lib/active_support/callbacks.rb:750:in `_run_call_callbacks'
  activesupport (5.0.0.1) lib/active_support/callbacks.rb:90:in `run_callbacks'
  actionpack (5.0.0.1) lib/action_dispatch/middleware/callbacks.rb:36:in `call'
  actionpack (5.0.0.1) lib/action_dispatch/middleware/executor.rb:12:in `call'
  actionpack (5.0.0.1) lib/action_dispatch/middleware/remote_ip.rb:79:in `call'
  better_errors (2.1.1) lib/better_errors/middleware.rb:84:in `protected_app_call'
  better_errors (2.1.1) lib/better_errors/middleware.rb:79:in `better_errors_call'
  better_errors (2.1.1) lib/better_errors/middleware.rb:57:in `call'
  actionpack (5.0.0.1) lib/action_dispatch/middleware/debug_exceptions.rb:49:in `call'
  web-console (3.3.1) lib/web_console/middleware.rb:131:in `call_app'
  web-console (3.3.1) lib/web_console/middleware.rb:28:in `block in call'
  web-console (3.3.1) lib/web_console/middleware.rb:18:in `catch'
  web-console (3.3.1) lib/web_console/middleware.rb:18:in `call'
  actionpack (5.0.0.1) lib/action_dispatch/middleware/show_exceptions.rb:31:in `call'
  railties (5.0.0.1) lib/rails/rack/logger.rb:36:in `call_app'
  railties (5.0.0.1) lib/rails/rack/logger.rb:24:in `block in call'
  activesupport (5.0.0.1) lib/active_support/tagged_logging.rb:70:in `block in tagged'
  activesupport (5.0.0.1) lib/active_support/tagged_logging.rb:26:in `tagged'
  activesupport (5.0.0.1) lib/active_support/tagged_logging.rb:70:in `tagged'
  railties (5.0.0.1) lib/rails/rack/logger.rb:24:in `call'
  sprockets-rails (3.2.0) lib/sprockets/rails/quiet_assets.rb:13:in `call'
  actionpack (5.0.0.1) lib/action_dispatch/middleware/request_id.rb:24:in `call'
  rack (2.0.1) lib/rack/method_override.rb:22:in `call'
  rack (2.0.1) lib/rack/runtime.rb:22:in `call'
  activesupport (5.0.0.1) lib/active_support/cache/strategy/local_cache_middleware.rb:28:in `call'
  actionpack (5.0.0.1) lib/action_dispatch/middleware/executor.rb:12:in `call'
  actionpack (5.0.0.1) lib/action_dispatch/middleware/static.rb:136:in `call'
  rack (2.0.1) lib/rack/sendfile.rb:111:in `call'
  railties (5.0.0.1) lib/rails/engine.rb:522:in `call'
  puma (3.6.0) lib/puma/configuration.rb:225:in `call'
  puma (3.6.0) lib/puma/server.rb:578:in `handle_request'
  puma (3.6.0) lib/puma/server.rb:415:in `process_client'
  puma (3.6.0) lib/puma/server.rb:275:in `block in run'
  puma (3.6.0) lib/puma/thread_pool.rb:116:in `block in spawn_thread'

Started POST "/__better_errors/b1d119360418f153/variables" for 127.0.0.1 at 2016-11-12 17:04:36 +0530
  [1m[35m (0.2ms)[0m  [1m[34mSELECT DATABASE() as db[0m
  [1m[35m (0.2ms)[0m  [1m[34mSELECT GET_LOCK('736455138594655620', 0);[0m
  [1m[36mActiveRecord::SchemaMigration Load (0.6ms)[0m  [1m[34mSELECT `schema_migrations`.* FROM `schema_migrations`[0m
Migrating to CreateIpAssets (20161112113309)
  [1m[35m (0.3ms)[0m  [1m[34mSELECT RELEASE_LOCK('736455138594655620')[0m
  [1m[35m (0.3ms)[0m  [1m[34mSELECT DATABASE() as db[0m
  [1m[35m (0.2ms)[0m  [1m[34mSELECT GET_LOCK('736455138594655620', 0);[0m
  [1m[36mActiveRecord::SchemaMigration Load (0.7ms)[0m  [1m[34mSELECT `schema_migrations`.* FROM `schema_migrations`[0m
Migrating to CreateIpAssets (20161112113309)
  [1m[35m (0.4ms)[0m  [1m[34mSELECT RELEASE_LOCK('736455138594655620')[0m
  [1m[35m (0.1ms)[0m  [1m[34mSELECT DATABASE() as db[0m
  [1m[35m (0.5ms)[0m  [1m[34mSELECT GET_LOCK('736455138594655620', 0);[0m
  [1m[36mActiveRecord::SchemaMigration Load (0.4ms)[0m  [1m[34mSELECT `schema_migrations`.* FROM `schema_migrations`[0m
Migrating to CreateIpAssets (20161112113309)
  [1m[35m (0.3ms)[0m  [1m[34mSELECT RELEASE_LOCK('736455138594655620')[0m
Started GET "/" for 127.0.0.1 at 2016-11-12 17:06:55 +0530
  [1m[36mActiveRecord::SchemaMigration Load (0.6ms)[0m  [1m[34mSELECT `schema_migrations`.* FROM `schema_migrations`[0m

ActiveRecord::PendingMigrationError - 

Migrations are pending. To resolve this issue, run:

	bin/rails db:migrate RAILS_ENV=development

:
  activerecord (5.0.0.1) lib/active_record/migration.rb:572:in `check_pending!'
  activerecord (5.0.0.1) lib/active_record/migration.rb:548:in `call'
  actionpack (5.0.0.1) lib/action_dispatch/middleware/callbacks.rb:38:in `block in call'
  activesupport (5.0.0.1) lib/active_support/callbacks.rb:97:in `__run_callbacks__'
  activesupport (5.0.0.1) lib/active_support/callbacks.rb:750:in `_run_call_callbacks'
  activesupport (5.0.0.1) lib/active_support/callbacks.rb:90:in `run_callbacks'
  actionpack (5.0.0.1) lib/action_dispatch/middleware/callbacks.rb:36:in `call'
  actionpack (5.0.0.1) lib/action_dispatch/middleware/executor.rb:12:in `call'
  actionpack (5.0.0.1) lib/action_dispatch/middleware/remote_ip.rb:79:in `call'
  better_errors (2.1.1) lib/better_errors/middleware.rb:84:in `protected_app_call'
  better_errors (2.1.1) lib/better_errors/middleware.rb:79:in `better_errors_call'
  better_errors (2.1.1) lib/better_errors/middleware.rb:57:in `call'
  actionpack (5.0.0.1) lib/action_dispatch/middleware/debug_exceptions.rb:49:in `call'
  web-console (3.3.1) lib/web_console/middleware.rb:131:in `call_app'
  web-console (3.3.1) lib/web_console/middleware.rb:28:in `block in call'
  web-console (3.3.1) lib/web_console/middleware.rb:18:in `catch'
  web-console (3.3.1) lib/web_console/middleware.rb:18:in `call'
  actionpack (5.0.0.1) lib/action_dispatch/middleware/show_exceptions.rb:31:in `call'
  railties (5.0.0.1) lib/rails/rack/logger.rb:36:in `call_app'
  railties (5.0.0.1) lib/rails/rack/logger.rb:24:in `block in call'
  activesupport (5.0.0.1) lib/active_support/tagged_logging.rb:70:in `block in tagged'
  activesupport (5.0.0.1) lib/active_support/tagged_logging.rb:26:in `tagged'
  activesupport (5.0.0.1) lib/active_support/tagged_logging.rb:70:in `tagged'
  railties (5.0.0.1) lib/rails/rack/logger.rb:24:in `call'
  sprockets-rails (3.2.0) lib/sprockets/rails/quiet_assets.rb:13:in `call'
  actionpack (5.0.0.1) lib/action_dispatch/middleware/request_id.rb:24:in `call'
  rack (2.0.1) lib/rack/method_override.rb:22:in `call'
  rack (2.0.1) lib/rack/runtime.rb:22:in `call'
  activesupport (5.0.0.1) lib/active_support/cache/strategy/local_cache_middleware.rb:28:in `call'
  actionpack (5.0.0.1) lib/action_dispatch/middleware/executor.rb:12:in `call'
  actionpack (5.0.0.1) lib/action_dispatch/middleware/static.rb:136:in `call'
  rack (2.0.1) lib/rack/sendfile.rb:111:in `call'
  railties (5.0.0.1) lib/rails/engine.rb:522:in `call'
  puma (3.6.0) lib/puma/configuration.rb:225:in `call'
  puma (3.6.0) lib/puma/server.rb:578:in `handle_request'
  puma (3.6.0) lib/puma/server.rb:415:in `process_client'
  puma (3.6.0) lib/puma/server.rb:275:in `block in run'
  puma (3.6.0) lib/puma/thread_pool.rb:116:in `block in spawn_thread'

Started POST "/__better_errors/0724c371e39fcd6d/variables" for 127.0.0.1 at 2016-11-12 17:06:56 +0530
  [1m[35m (0.2ms)[0m  [1m[34mSELECT DATABASE() as db[0m
  [1m[35m (0.2ms)[0m  [1m[34mSELECT GET_LOCK('736455138594655620', 0);[0m
  [1m[36mActiveRecord::SchemaMigration Load (0.3ms)[0m  [1m[34mSELECT `schema_migrations`.* FROM `schema_migrations`[0m
Migrating to CreateIpAssets (20161112113309)
  [1m[35m (0.2ms)[0m  [1m[34mSELECT RELEASE_LOCK('736455138594655620')[0m
  [1m[35m (0.3ms)[0m  [1m[34mSELECT DATABASE() as db[0m
  [1m[35m (0.3ms)[0m  [1m[34mSELECT GET_LOCK('736455138594655620', 0);[0m
  [1m[36mActiveRecord::SchemaMigration Load (0.6ms)[0m  [1m[34mSELECT `schema_migrations`.* FROM `schema_migrations`[0m
Migrating to CreateIpAssets (20161112113309)
  [1m[35m (0.5ms)[0m  [1m[34mSELECT RELEASE_LOCK('736455138594655620')[0m
  [1m[35m (0.2ms)[0m  [1m[34mSELECT DATABASE() as db[0m
  [1m[35m (0.1ms)[0m  [1m[34mSELECT GET_LOCK('736455138594655620', 0);[0m
  [1m[36mActiveRecord::SchemaMigration Load (0.4ms)[0m  [1m[34mSELECT `schema_migrations`.* FROM `schema_migrations`[0m
Migrating to CreateIpAssets (20161112113309)
  [1m[35m (0.4ms)[0m  [1m[34mSELECT RELEASE_LOCK('736455138594655620')[0m
  [1m[35m (0.3ms)[0m  [1m[34mSELECT DATABASE() as db[0m
  [1m[35m (0.3ms)[0m  [1m[34mSELECT GET_LOCK('736455138594655620', 0);[0m
  [1m[36mActiveRecord::SchemaMigration Load (0.6ms)[0m  [1m[34mSELECT `schema_migrations`.* FROM `schema_migrations`[0m
Migrating to CreateIpAssets (20161112113309)
  [1m[35m (0.8ms)[0m  [1m[35mCREATE TABLE `ip_assets` (`id` int AUTO_INCREMENT PRIMARY KEY, `Research_group_ID` int, `Type` varchar(255), `Labs_Associated` varchar(255), `created_at` datetime NOT NULL, `updated_at` datetime NOT NULL) ENGINE=InnoDB[0m
  [1m[35m (0.4ms)[0m  [1m[34mSELECT RELEASE_LOCK('736455138594655620')[0m
  [1m[35m (0.2ms)[0m  [1m[34mSELECT DATABASE() as db[0m
  [1m[35m (0.1ms)[0m  [1m[34mSELECT GET_LOCK('736455138594655620', 0);[0m
  [1m[36mActiveRecord::SchemaMigration Load (0.4ms)[0m  [1m[34mSELECT `schema_migrations`.* FROM `schema_migrations`[0m
Migrating to CreateIpAssets (20161112113919)
  [1m[35m (0.3ms)[0m  [1m[34mSELECT RELEASE_LOCK('736455138594655620')[0m
  [1m[35m (0.2ms)[0m  [1m[34mSELECT DATABASE() as db[0m
  [1m[35m (0.2ms)[0m  [1m[34mSELECT GET_LOCK('736455138594655620', 0);[0m
  [1m[36mActiveRecord::SchemaMigration Load (0.4ms)[0m  [1m[34mSELECT `schema_migrations`.* FROM `schema_migrations`[0m
Migrating to CreateIpAssets (20161112113937)
  [1m[35m (0.8ms)[0m  [1m[35mCREATE TABLE `ip_assets` (`id` int AUTO_INCREMENT PRIMARY KEY, `Research_group_ID` int, `Type` varchar(255), `Labs_Associated` varchar(255), `created_at` datetime NOT NULL, `updated_at` datetime NOT NULL) ENGINE=InnoDB[0m
  [1m[35m (0.3ms)[0m  [1m[34mSELECT RELEASE_LOCK('736455138594655620')[0m
Started GET "/" for 127.0.0.1 at 2016-11-12 17:10:07 +0530
  [1m[36mActiveRecord::SchemaMigration Load (0.6ms)[0m  [1m[34mSELECT `schema_migrations`.* FROM `schema_migrations`[0m

ActiveRecord::PendingMigrationError - 

Migrations are pending. To resolve this issue, run:

	bin/rails db:migrate RAILS_ENV=development

:
  activerecord (5.0.0.1) lib/active_record/migration.rb:572:in `check_pending!'
  activerecord (5.0.0.1) lib/active_record/migration.rb:548:in `call'
  actionpack (5.0.0.1) lib/action_dispatch/middleware/callbacks.rb:38:in `block in call'
  activesupport (5.0.0.1) lib/active_support/callbacks.rb:97:in `__run_callbacks__'
  activesupport (5.0.0.1) lib/active_support/callbacks.rb:750:in `_run_call_callbacks'
  activesupport (5.0.0.1) lib/active_support/callbacks.rb:90:in `run_callbacks'
  actionpack (5.0.0.1) lib/action_dispatch/middleware/callbacks.rb:36:in `call'
  actionpack (5.0.0.1) lib/action_dispatch/middleware/executor.rb:12:in `call'
  actionpack (5.0.0.1) lib/action_dispatch/middleware/remote_ip.rb:79:in `call'
  better_errors (2.1.1) lib/better_errors/middleware.rb:84:in `protected_app_call'
  better_errors (2.1.1) lib/better_errors/middleware.rb:79:in `better_errors_call'
  better_errors (2.1.1) lib/better_errors/middleware.rb:57:in `call'
  actionpack (5.0.0.1) lib/action_dispatch/middleware/debug_exceptions.rb:49:in `call'
  web-console (3.3.1) lib/web_console/middleware.rb:131:in `call_app'
  web-console (3.3.1) lib/web_console/middleware.rb:28:in `block in call'
  web-console (3.3.1) lib/web_console/middleware.rb:18:in `catch'
  web-console (3.3.1) lib/web_console/middleware.rb:18:in `call'
  actionpack (5.0.0.1) lib/action_dispatch/middleware/show_exceptions.rb:31:in `call'
  railties (5.0.0.1) lib/rails/rack/logger.rb:36:in `call_app'
  railties (5.0.0.1) lib/rails/rack/logger.rb:24:in `block in call'
  activesupport (5.0.0.1) lib/active_support/tagged_logging.rb:70:in `block in tagged'
  activesupport (5.0.0.1) lib/active_support/tagged_logging.rb:26:in `tagged'
  activesupport (5.0.0.1) lib/active_support/tagged_logging.rb:70:in `tagged'
  railties (5.0.0.1) lib/rails/rack/logger.rb:24:in `call'
  sprockets-rails (3.2.0) lib/sprockets/rails/quiet_assets.rb:13:in `call'
  actionpack (5.0.0.1) lib/action_dispatch/middleware/request_id.rb:24:in `call'
  rack (2.0.1) lib/rack/method_override.rb:22:in `call'
  rack (2.0.1) lib/rack/runtime.rb:22:in `call'
  activesupport (5.0.0.1) lib/active_support/cache/strategy/local_cache_middleware.rb:28:in `call'
  actionpack (5.0.0.1) lib/action_dispatch/middleware/executor.rb:12:in `call'
  actionpack (5.0.0.1) lib/action_dispatch/middleware/static.rb:136:in `call'
  rack (2.0.1) lib/rack/sendfile.rb:111:in `call'
  railties (5.0.0.1) lib/rails/engine.rb:522:in `call'
  puma (3.6.0) lib/puma/configuration.rb:225:in `call'
  puma (3.6.0) lib/puma/server.rb:578:in `handle_request'
  puma (3.6.0) lib/puma/server.rb:415:in `process_client'
  puma (3.6.0) lib/puma/server.rb:275:in `block in run'
  puma (3.6.0) lib/puma/thread_pool.rb:116:in `block in spawn_thread'

Started POST "/__better_errors/b95b0e23c372740d/variables" for 127.0.0.1 at 2016-11-12 17:10:07 +0530
  [1m[35m (0.2ms)[0m  [1m[34mSELECT DATABASE() as db[0m
  [1m[35m (0.1ms)[0m  [1m[34mSELECT GET_LOCK('736455138594655620', 0);[0m
  [1m[36mActiveRecord::SchemaMigration Load (0.5ms)[0m  [1m[34mSELECT `schema_migrations`.* FROM `schema_migrations`[0m
Migrating to CreateIpAssets (20161112113937)
  [1m[35m (139.0ms)[0m  [1m[35mCREATE TABLE `ip_assets` (`id` int AUTO_INCREMENT PRIMARY KEY, `Research_group_ID` int, `Type` varchar(255), `Labs_Associated` varchar(255), `created_at` datetime NOT NULL, `updated_at` datetime NOT NULL) ENGINE=InnoDB[0m
  [1m[35m (0.1ms)[0m  [1m[35mBEGIN[0m
  [1m[35mSQL (0.5ms)[0m  [1m[32mINSERT INTO `schema_migrations` (`version`) VALUES ('20161112113937')[0m
  [1m[35m (41.8ms)[0m  [1m[35mCOMMIT[0m
  [1m[36mActiveRecord::InternalMetadata Load (0.7ms)[0m  [1m[34mSELECT  `ar_internal_metadata`.* FROM `ar_internal_metadata` WHERE `ar_internal_metadata`.`key` = 'environment' LIMIT 1[0m
  [1m[35m (0.3ms)[0m  [1m[35mBEGIN[0m
  [1m[35m (0.3ms)[0m  [1m[35mCOMMIT[0m
  [1m[35m (0.3ms)[0m  [1m[34mSELECT RELEASE_LOCK('736455138594655620')[0m
  [1m[36mActiveRecord::SchemaMigration Load (0.3ms)[0m  [1m[34mSELECT `schema_migrations`.* FROM `schema_migrations`[0m
  [1m[35m (0.3ms)[0m  [1m[35mSHOW CREATE TABLE `ip_assets`[0m
  [1m[35m (0.5ms)[0m  [1m[35mSHOW TABLE STATUS LIKE 'ip_assets'[0m
  [1m[35m (0.3ms)[0m  [1m[35mSHOW CREATE TABLE `users`[0m
  [1m[35m (0.4ms)[0m  [1m[35mSHOW TABLE STATUS LIKE 'users'[0m
  [1m[35m (0.5ms)[0m  [1m[34mSELECT fk.referenced_table_name as 'to_table'
      ,fk.referenced_column_name as 'primary_key'
      ,fk.column_name as 'column'
      ,fk.constraint_name as 'name'
FROM information_schema.key_column_usage fk
WHERE fk.referenced_column_name is not null
  AND fk.table_schema = 'rails-devise-roles_development'
  AND fk.table_name = 'ip_assets'
[0m
  [1m[35m (0.5ms)[0m  [1m[34mSELECT fk.referenced_table_name as 'to_table'
      ,fk.referenced_column_name as 'primary_key'
      ,fk.column_name as 'column'
      ,fk.constraint_name as 'name'
FROM information_schema.key_column_usage fk
WHERE fk.referenced_column_name is not null
  AND fk.table_schema = 'rails-devise-roles_development'
  AND fk.table_name = 'users'
[0m
Started GET "/" for 127.0.0.1 at 2016-11-12 17:11:25 +0530
  [1m[36mActiveRecord::SchemaMigration Load (0.3ms)[0m  [1m[34mSELECT `schema_migrations`.* FROM `schema_migrations`[0m
Processing by VisitorsController#index as HTML
  Rendering visitors/index.html.erb within layouts/application
  [1m[35m (0.7ms)[0m  [1m[34mSELECT COUNT(*) FROM `users`[0m
  [1m[36mUser Load (0.7ms)[0m  [1m[34mSELECT  `users`.* FROM `users` WHERE `users`.`id` = 2 ORDER BY `users`.`id` ASC LIMIT 1[0m
  Rendered visitors/index.html.erb within layouts/application (42.2ms)
  Rendered layouts/_navigation_links.html.erb (0.9ms)
  Rendered layouts/_nav_links_for_auth.html.erb (1.1ms)
  Rendered layouts/_navigation.html.erb (6.7ms)
  Rendered layouts/_messages.html.erb (0.6ms)
Completed 200 OK in 681ms (Views: 660.3ms | ActiveRecord: 4.4ms)


Started GET "/ip_assets" for 127.0.0.1 at 2016-11-12 17:11:28 +0530
Processing by IpAssetsController#index as HTML
  Rendering ip_assets/index.html.erb within layouts/application
  [1m[36mIpAsset Load (0.8ms)[0m  [1m[34mSELECT `ip_assets`.* FROM `ip_assets`[0m
  Rendered ip_assets/index.html.erb within layouts/application (10.5ms)
  Rendered layouts/_navigation_links.html.erb (1.0ms)
  [1m[36mUser Load (0.6ms)[0m  [1m[34mSELECT  `users`.* FROM `users` WHERE `users`.`id` = 2 ORDER BY `users`.`id` ASC LIMIT 1[0m
  Rendered layouts/_nav_links_for_auth.html.erb (3.1ms)
  Rendered layouts/_navigation.html.erb (5.9ms)
  Rendered layouts/_messages.html.erb (0.6ms)
Completed 200 OK in 164ms (Views: 152.9ms | ActiveRecord: 2.7ms)


Started GET "/ip_assets/new" for 127.0.0.1 at 2016-11-12 17:11:30 +0530
Processing by IpAssetsController#new as HTML
  Rendering ip_assets/new.html.erb within layouts/application
  Rendered ip_assets/_form.html.erb (522.6ms)
  Rendered ip_assets/new.html.erb within layouts/application (525.0ms)
  Rendered layouts/_navigation_links.html.erb (0.8ms)
  [1m[36mUser Load (0.5ms)[0m  [1m[34mSELECT  `users`.* FROM `users` WHERE `users`.`id` = 2 ORDER BY `users`.`id` ASC LIMIT 1[0m
  Rendered layouts/_nav_links_for_auth.html.erb (2.6ms)
  Rendered layouts/_navigation.html.erb (6.9ms)
  Rendered layouts/_messages.html.erb (0.6ms)
Completed 200 OK in 611ms (Views: 597.4ms | ActiveRecord: 1.3ms)


Started POST "/ip_assets" for 127.0.0.1 at 2016-11-12 17:11:48 +0530
Processing by IpAssetsController#create as HTML
  Parameters: {"utf8"=>"✓", "authenticity_token"=>"3jYinP/nvIhfrJzDgVhd6/7eWpXb9XZXuNKttAoYEetlPtIf37M7nQf+nFzVo3dgh4XHYPZ4BgAS/5RWQbWDQA==", "ip_asset"=>{"Research_group_ID"=>"1", "Type"=>"ab", "Labs_Associated"=>"cdvcv"}, "commit"=>"Create Ip asset"}
  [1m[35m (0.1ms)[0m  [1m[35mBEGIN[0m
  [1m[35mSQL (0.3ms)[0m  [1m[32mINSERT INTO `ip_assets` (`Research_group_ID`, `Type`, `Labs_Associated`, `created_at`, `updated_at`) VALUES (1, 'ab', 'cdvcv', '2016-11-12 11:41:48', '2016-11-12 11:41:48')[0m
  [1m[35m (57.1ms)[0m  [1m[35mCOMMIT[0m
Redirected to http://localhost:3000/ip_assets/1
Completed 302 Found in 65ms (ActiveRecord: 57.6ms)


Started GET "/ip_assets/1" for 127.0.0.1 at 2016-11-12 17:11:48 +0530
Processing by IpAssetsController#show as HTML
  Parameters: {"id"=>"1"}
  [1m[36mIpAsset Load (0.6ms)[0m  [1m[34mSELECT  `ip_assets`.* FROM `ip_assets` WHERE `ip_assets`.`id` = 1 LIMIT 1[0m
  Rendering ip_assets/show.html.erb within layouts/application
  Rendered ip_assets/show.html.erb within layouts/application (1.1ms)
  Rendered layouts/_navigation_links.html.erb (0.4ms)
  [1m[36mUser Load (0.7ms)[0m  [1m[34mSELECT  `users`.* FROM `users` WHERE `users`.`id` = 2 ORDER BY `users`.`id` ASC LIMIT 1[0m
  Rendered layouts/_nav_links_for_auth.html.erb (2.7ms)
  Rendered layouts/_navigation.html.erb (5.0ms)
  Rendered layouts/_messages.html.erb (0.6ms)
Completed 200 OK in 72ms (Views: 65.6ms | ActiveRecord: 1.4ms)


Started GET "/ip_assets" for 127.0.0.1 at 2016-11-12 17:11:51 +0530
Processing by IpAssetsController#index as HTML
  Rendering ip_assets/index.html.erb within layouts/application
  [1m[36mIpAsset Load (0.4ms)[0m  [1m[34mSELECT `ip_assets`.* FROM `ip_assets`[0m
  Rendered ip_assets/index.html.erb within layouts/application (3.3ms)
  Rendered layouts/_navigation_links.html.erb (0.4ms)
  [1m[36mUser Load (0.6ms)[0m  [1m[34mSELECT  `users`.* FROM `users` WHERE `users`.`id` = 2 ORDER BY `users`.`id` ASC LIMIT 1[0m
  Rendered layouts/_nav_links_for_auth.html.erb (2.5ms)
  Rendered layouts/_navigation.html.erb (4.8ms)
  Rendered layouts/_messages.html.erb (0.6ms)
Completed 200 OK in 80ms (Views: 76.9ms | ActiveRecord: 1.0ms)


Started GET "/" for 127.0.0.1 at 2016-11-12 17:11:53 +0530
Processing by VisitorsController#index as HTML
  Rendering visitors/index.html.erb within layouts/application
  [1m[35m (0.4ms)[0m  [1m[34mSELECT COUNT(*) FROM `users`[0m
  [1m[36mUser Load (0.8ms)[0m  [1m[34mSELECT  `users`.* FROM `users` WHERE `users`.`id` = 2 ORDER BY `users`.`id` ASC LIMIT 1[0m
  Rendered visitors/index.html.erb within layouts/application (5.6ms)
  Rendered layouts/_navigation_links.html.erb (0.4ms)
  Rendered layouts/_nav_links_for_auth.html.erb (0.7ms)
  Rendered layouts/_navigation.html.erb (3.1ms)
  Rendered layouts/_messages.html.erb (0.5ms)
Completed 200 OK in 77ms (Views: 74.2ms | ActiveRecord: 1.1ms)


Started GET "/ip_assets/new" for 127.0.0.1 at 2016-11-12 17:11:55 +0530
Processing by IpAssetsController#new as HTML
  Rendering ip_assets/new.html.erb within layouts/application
  Rendered ip_assets/_form.html.erb (4.7ms)
  Rendered ip_assets/new.html.erb within layouts/application (6.5ms)
  Rendered layouts/_navigation_links.html.erb (0.5ms)
  [1m[36mUser Load (0.6ms)[0m  [1m[34mSELECT  `users`.* FROM `users` WHERE `users`.`id` = 2 ORDER BY `users`.`id` ASC LIMIT 1[0m
  Rendered layouts/_nav_links_for_auth.html.erb (2.4ms)
  Rendered layouts/_navigation.html.erb (4.7ms)
  Rendered layouts/_messages.html.erb (0.6ms)
Completed 200 OK in 80ms (Views: 77.2ms | ActiveRecord: 0.6ms)


Started GET "/" for 127.0.0.1 at 2016-11-12 17:11:59 +0530
Processing by VisitorsController#index as HTML
  Rendering visitors/index.html.erb within layouts/application
  [1m[35m (0.3ms)[0m  [1m[34mSELECT COUNT(*) FROM `users`[0m
  [1m[36mUser Load (0.4ms)[0m  [1m[34mSELECT  `users`.* FROM `users` WHERE `users`.`id` = 2 ORDER BY `users`.`id` ASC LIMIT 1[0m
  Rendered visitors/index.html.erb within layouts/application (4.8ms)
  Rendered layouts/_navigation_links.html.erb (0.4ms)
  Rendered layouts/_nav_links_for_auth.html.erb (0.7ms)
  Rendered layouts/_navigation.html.erb (3.1ms)
  Rendered layouts/_messages.html.erb (0.5ms)
Completed 200 OK in 88ms (Views: 85.5ms | ActiveRecord: 0.8ms)


Started GET "/" for 127.0.0.1 at 2016-11-12 17:36:24 +0530
Processing by VisitorsController#index as HTML
  Rendering visitors/index.html.erb within layouts/application
  [1m[35m (0.4ms)[0m  [1m[34mSELECT COUNT(*) FROM `users`[0m
  [1m[36mUser Load (0.3ms)[0m  [1m[34mSELECT  `users`.* FROM `users` WHERE `users`.`id` = 2 ORDER BY `users`.`id` ASC LIMIT 1[0m
  Rendered visitors/index.html.erb within layouts/application (3.3ms)
  Rendered layouts/_navigation_links.html.erb (0.7ms)
  Rendered layouts/_nav_links_for_auth.html.erb (1.3ms)
  Rendered layouts/_navigation.html.erb (5.3ms)
  Rendered layouts/_messages.html.erb (0.8ms)
Completed 200 OK in 437ms (Views: 435.6ms | ActiveRecord: 0.7ms)


Started GET "/favicon.ico" for 127.0.0.1 at 2016-11-12 17:36:25 +0530
  
ActionController::RoutingError (No route matches [GET] "/favicon.ico"):
  
actionpack (5.0.0.1) lib/action_dispatch/middleware/debug_exceptions.rb:53:in `call'
web-console (3.3.1) lib/web_console/middleware.rb:131:in `call_app'
web-console (3.3.1) lib/web_console/middleware.rb:28:in `block in call'
web-console (3.3.1) lib/web_console/middleware.rb:18:in `catch'
web-console (3.3.1) lib/web_console/middleware.rb:18:in `call'
actionpack (5.0.0.1) lib/action_dispatch/middleware/show_exceptions.rb:31:in `call'
railties (5.0.0.1) lib/rails/rack/logger.rb:36:in `call_app'
railties (5.0.0.1) lib/rails/rack/logger.rb:24:in `block in call'
activesupport (5.0.0.1) lib/active_support/tagged_logging.rb:70:in `block in tagged'
activesupport (5.0.0.1) lib/active_support/tagged_logging.rb:26:in `tagged'
activesupport (5.0.0.1) lib/active_support/tagged_logging.rb:70:in `tagged'
railties (5.0.0.1) lib/rails/rack/logger.rb:24:in `call'
sprockets-rails (3.2.0) lib/sprockets/rails/quiet_assets.rb:13:in `call'
actionpack (5.0.0.1) lib/action_dispatch/middleware/request_id.rb:24:in `call'
rack (2.0.1) lib/rack/method_override.rb:22:in `call'
rack (2.0.1) lib/rack/runtime.rb:22:in `call'
activesupport (5.0.0.1) lib/active_support/cache/strategy/local_cache_middleware.rb:28:in `call'
actionpack (5.0.0.1) lib/action_dispatch/middleware/executor.rb:12:in `call'
actionpack (5.0.0.1) lib/action_dispatch/middleware/static.rb:136:in `call'
rack (2.0.1) lib/rack/sendfile.rb:111:in `call'
railties (5.0.0.1) lib/rails/engine.rb:522:in `call'
puma (3.6.0) lib/puma/configuration.rb:225:in `call'
puma (3.6.0) lib/puma/server.rb:578:in `handle_request'
puma (3.6.0) lib/puma/server.rb:415:in `process_client'
puma (3.6.0) lib/puma/server.rb:275:in `block in run'
puma (3.6.0) lib/puma/thread_pool.rb:116:in `block in spawn_thread'
  Rendering /home/vineet/.rbenv/versions/2.3.1/lib/ruby/gems/2.3.0/gems/actionpack-5.0.0.1/lib/action_dispatch/middleware/templates/rescues/routing_error.html.erb within rescues/layout
  Rendering /home/vineet/.rbenv/versions/2.3.1/lib/ruby/gems/2.3.0/gems/actionpack-5.0.0.1/lib/action_dispatch/middleware/templates/rescues/_trace.html.erb
  Rendered /home/vineet/.rbenv/versions/2.3.1/lib/ruby/gems/2.3.0/gems/actionpack-5.0.0.1/lib/action_dispatch/middleware/templates/rescues/_trace.html.erb (1.4ms)
  Rendered collection of /home/vineet/.rbenv/versions/2.3.1/lib/ruby/gems/2.3.0/gems/actionpack-5.0.0.1/lib/action_dispatch/middleware/templates/routes/_route.html.erb [33 times] (31.1ms)
  Rendered /home/vineet/.rbenv/versions/2.3.1/lib/ruby/gems/2.3.0/gems/actionpack-5.0.0.1/lib/action_dispatch/middleware/templates/routes/_table.html.erb (13.1ms)
  Rendering /home/vineet/.rbenv/versions/2.3.1/lib/ruby/gems/2.3.0/gems/actionpack-5.0.0.1/lib/action_dispatch/middleware/templates/rescues/_request_and_response.html.erb
  Rendered /home/vineet/.rbenv/versions/2.3.1/lib/ruby/gems/2.3.0/gems/actionpack-5.0.0.1/lib/action_dispatch/middleware/templates/rescues/_request_and_response.html.erb (1.5ms)
  Rendered /home/vineet/.rbenv/versions/2.3.1/lib/ruby/gems/2.3.0/gems/actionpack-5.0.0.1/lib/action_dispatch/middleware/templates/rescues/routing_error.html.erb within rescues/layout (96.9ms)
Started GET "/" for 127.0.0.1 at 2016-11-12 17:36:26 +0530
Processing by VisitorsController#index as HTML
  Rendering visitors/index.html.erb within layouts/application
  [1m[35m (0.5ms)[0m  [1m[34mSELECT COUNT(*) FROM `users`[0m
  [1m[36mUser Load (0.5ms)[0m  [1m[34mSELECT  `users`.* FROM `users` WHERE `users`.`id` = 2 ORDER BY `users`.`id` ASC LIMIT 1[0m
  Rendered visitors/index.html.erb within layouts/application (4.0ms)
  Rendered layouts/_navigation_links.html.erb (0.5ms)
  Rendered layouts/_nav_links_for_auth.html.erb (1.2ms)
  Rendered layouts/_navigation.html.erb (3.8ms)
  Rendered layouts/_messages.html.erb (0.9ms)
Completed 200 OK in 82ms (Views: 79.5ms | ActiveRecord: 1.0ms)


Started GET "/ip_assets" for 127.0.0.1 at 2016-11-12 17:36:27 +0530
Processing by IpAssetsController#index as HTML
  Rendering ip_assets/index.html.erb within layouts/application
  [1m[36mIpAsset Load (0.4ms)[0m  [1m[34mSELECT `ip_assets`.* FROM `ip_assets`[0m
  Rendered ip_assets/index.html.erb within layouts/application (3.7ms)
  Rendered layouts/_navigation_links.html.erb (0.5ms)
  [1m[36mUser Load (0.7ms)[0m  [1m[34mSELECT  `users`.* FROM `users` WHERE `users`.`id` = 2 ORDER BY `users`.`id` ASC LIMIT 1[0m
  Rendered layouts/_nav_links_for_auth.html.erb (2.6ms)
  Rendered layouts/_navigation.html.erb (5.1ms)
  Rendered layouts/_messages.html.erb (0.9ms)
Completed 200 OK in 85ms (Views: 81.4ms | ActiveRecord: 1.1ms)


Started GET "/" for 127.0.0.1 at 2016-11-12 17:36:29 +0530
Processing by VisitorsController#index as HTML
  Rendering visitors/index.html.erb within layouts/application
  [1m[35m (0.3ms)[0m  [1m[34mSELECT COUNT(*) FROM `users`[0m
  [1m[36mUser Load (0.3ms)[0m  [1m[34mSELECT  `users`.* FROM `users` WHERE `users`.`id` = 2 ORDER BY `users`.`id` ASC LIMIT 1[0m
  Rendered visitors/index.html.erb within layouts/application (3.8ms)
  Rendered layouts/_navigation_links.html.erb (0.4ms)
  Rendered layouts/_nav_links_for_auth.html.erb (0.7ms)
  Rendered layouts/_navigation.html.erb (3.1ms)
  Rendered layouts/_messages.html.erb (0.5ms)
Completed 200 OK in 91ms (Views: 89.0ms | ActiveRecord: 0.6ms)


Started GET "/ip_assets/new" for 127.0.0.1 at 2016-11-12 17:36:30 +0530
Processing by IpAssetsController#new as HTML
  Rendering ip_assets/new.html.erb within layouts/application
  Rendered ip_assets/_form.html.erb (5.2ms)
  Rendered ip_assets/new.html.erb within layouts/application (7.3ms)
  Rendered layouts/_navigation_links.html.erb (0.5ms)
  [1m[36mUser Load (0.6ms)[0m  [1m[34mSELECT  `users`.* FROM `users` WHERE `users`.`id` = 2 ORDER BY `users`.`id` ASC LIMIT 1[0m
  Rendered layouts/_nav_links_for_auth.html.erb (2.4ms)
  Rendered layouts/_navigation.html.erb (4.9ms)
  Rendered layouts/_messages.html.erb (0.6ms)
Completed 200 OK in 92ms (Views: 89.2ms | ActiveRecord: 0.6ms)


Started GET "/ip_assets" for 127.0.0.1 at 2016-11-12 17:36:32 +0530
Processing by IpAssetsController#index as HTML
  Rendering ip_assets/index.html.erb within layouts/application
  [1m[36mIpAsset Load (0.3ms)[0m  [1m[34mSELECT `ip_assets`.* FROM `ip_assets`[0m
  Rendered ip_assets/index.html.erb within layouts/application (2.6ms)
  Rendered layouts/_navigation_links.html.erb (0.4ms)
  [1m[36mUser Load (0.5ms)[0m  [1m[34mSELECT  `users`.* FROM `users` WHERE `users`.`id` = 2 ORDER BY `users`.`id` ASC LIMIT 1[0m
  Rendered layouts/_nav_links_for_auth.html.erb (2.3ms)
  Rendered layouts/_navigation.html.erb (4.6ms)
  Rendered layouts/_messages.html.erb (0.5ms)
Completed 200 OK in 84ms (Views: 80.8ms | ActiveRecord: 0.9ms)


Started DELETE "/users/sign_out" for 127.0.0.1 at 2016-11-12 17:36:34 +0530
Processing by Devise::SessionsController#destroy as HTML
  Parameters: {"authenticity_token"=>"gzkLbAprvPud6zfXwEdlTrlSV7B3ZwrqHH891fiHkfiVIsGmQ8DO6HwuqfQEaVV6TQYA/EbW6FVEIYH2YTNGZw=="}
  [1m[36mUser Load (0.5ms)[0m  [1m[34mSELECT  `users`.* FROM `users` WHERE `users`.`id` = 2 ORDER BY `users`.`id` ASC LIMIT 1[0m
  [1m[35m (0.2ms)[0m  [1m[35mBEGIN[0m
  [1m[35m (0.2ms)[0m  [1m[35mCOMMIT[0m
Redirected to http://localhost:3000/
Completed 302 Found in 12ms (ActiveRecord: 0.8ms)


Started GET "/" for 127.0.0.1 at 2016-11-12 17:36:34 +0530
Processing by VisitorsController#index as HTML
  Rendering visitors/index.html.erb within layouts/application
  [1m[35m (0.5ms)[0m  [1m[34mSELECT COUNT(*) FROM `users`[0m
  Rendered visitors/index.html.erb within layouts/application (6.9ms)
  Rendered layouts/_navigation_links.html.erb (0.6ms)
  Rendered layouts/_nav_links_for_auth.html.erb (1.0ms)
  Rendered layouts/_navigation.html.erb (4.4ms)
  Rendered layouts/_messages.html.erb (0.6ms)
Completed 200 OK in 82ms (Views: 80.3ms | ActiveRecord: 0.5ms)


Started GET "/users/sign_up" for 127.0.0.1 at 2016-11-12 17:36:40 +0530
Processing by Devise::RegistrationsController#new as HTML
  Rendering devise/registrations/new.html.erb within layouts/application
  Rendered devise/registrations/new.html.erb within layouts/application (6.6ms)
  Rendered layouts/_navigation_links.html.erb (0.4ms)
  Rendered layouts/_nav_links_for_auth.html.erb (0.9ms)
  Rendered layouts/_navigation.html.erb (3.2ms)
  Rendered layouts/_messages.html.erb (0.5ms)
Completed 200 OK in 65ms (Views: 63.9ms | ActiveRecord: 0.0ms)


Started GET "/users/sign_in" for 127.0.0.1 at 2016-11-12 17:36:43 +0530
Processing by Devise::SessionsController#new as HTML
  Rendering devise/sessions/new.html.erb within layouts/application
  Rendered devise/sessions/new.html.erb within layouts/application (8.6ms)
  Rendered layouts/_navigation_links.html.erb (1.2ms)
  Rendered layouts/_nav_links_for_auth.html.erb (1.9ms)
  Rendered layouts/_navigation.html.erb (5.9ms)
  Rendered layouts/_messages.html.erb (0.6ms)
Completed 200 OK in 90ms (Views: 88.1ms | ActiveRecord: 0.0ms)


Started GET "/users/sign_up" for 127.0.0.1 at 2016-11-12 17:36:45 +0530
Processing by Devise::RegistrationsController#new as HTML
  Rendering devise/registrations/new.html.erb within layouts/application
  Rendered devise/registrations/new.html.erb within layouts/application (5.1ms)
  Rendered layouts/_navigation_links.html.erb (0.5ms)
  Rendered layouts/_nav_links_for_auth.html.erb (1.0ms)
  Rendered layouts/_navigation.html.erb (3.6ms)
  Rendered layouts/_messages.html.erb (0.5ms)
Completed 200 OK in 109ms (Views: 106.9ms | ActiveRecord: 0.0ms)


Started GET "/users/sign_in" for 127.0.0.1 at 2016-11-12 17:36:51 +0530
Processing by Devise::SessionsController#new as HTML
  Rendering devise/sessions/new.html.erb within layouts/application
  Rendered devise/sessions/new.html.erb within layouts/application (5.0ms)
  Rendered layouts/_navigation_links.html.erb (0.7ms)
  Rendered layouts/_nav_links_for_auth.html.erb (2.0ms)
  Rendered layouts/_navigation.html.erb (6.1ms)
  Rendered layouts/_messages.html.erb (0.7ms)
Completed 200 OK in 111ms (Views: 109.1ms | ActiveRecord: 0.0ms)


Started POST "/users/sign_in" for 127.0.0.1 at 2016-11-12 17:36:59 +0530
Processing by Devise::SessionsController#create as HTML
  Parameters: {"utf8"=>"✓", "authenticity_token"=>"FNTGpceAhj5bXm/T/L3lfMsuridQ+mUzQXahYKY96iGhXcOsW9tZrg6n4W2kMYVMgsPIQX11uwQC4Rk7RPVPcw==", "user"=>{"email"=>"user@example.com", "password"=>"[FILTERED]", "remember_me"=>"0"}, "commit"=>"Sign in"}
  [1m[36mUser Load (0.5ms)[0m  [1m[34mSELECT  `users`.* FROM `users` WHERE `users`.`email` = 'user@example.com' ORDER BY `users`.`id` ASC LIMIT 1[0m
  [1m[35m (0.3ms)[0m  [1m[35mBEGIN[0m
  [1m[35mSQL (0.6ms)[0m  [1m[33mUPDATE `users` SET `current_sign_in_at` = '2016-11-12 12:07:00', `last_sign_in_at` = '2016-11-12 06:28:09', `sign_in_count` = 3, `updated_at` = '2016-11-12 12:07:00' WHERE `users`.`id` = 1[0m
  [1m[35m (58.4ms)[0m  [1m[35mCOMMIT[0m
Redirected to http://localhost:3000/
Completed 302 Found in 304ms (ActiveRecord: 59.8ms)


Started GET "/" for 127.0.0.1 at 2016-11-12 17:37:00 +0530
Processing by VisitorsController#index as HTML
  Rendering visitors/index.html.erb within layouts/application
  [1m[35m (0.5ms)[0m  [1m[34mSELECT COUNT(*) FROM `users`[0m
  [1m[36mUser Load (0.5ms)[0m  [1m[34mSELECT  `users`.* FROM `users` WHERE `users`.`id` = 1 ORDER BY `users`.`id` ASC LIMIT 1[0m
  Rendered visitors/index.html.erb within layouts/application (3.8ms)
  Rendered layouts/_navigation_links.html.erb (0.5ms)
  Rendered layouts/_nav_links_for_auth.html.erb (0.8ms)
  Rendered layouts/_navigation.html.erb (3.4ms)
  Rendered layouts/_messages.html.erb (0.6ms)
Completed 200 OK in 80ms (Views: 77.7ms | ActiveRecord: 0.9ms)


Started GET "/ip_assets" for 127.0.0.1 at 2016-11-12 17:37:02 +0530
Processing by IpAssetsController#index as HTML
  Rendering ip_assets/index.html.erb within layouts/application
  [1m[36mIpAsset Load (0.5ms)[0m  [1m[34mSELECT `ip_assets`.* FROM `ip_assets`[0m
  Rendered ip_assets/index.html.erb within layouts/application (2.6ms)
  Rendered layouts/_navigation_links.html.erb (0.5ms)
  [1m[36mUser Load (0.5ms)[0m  [1m[34mSELECT  `users`.* FROM `users` WHERE `users`.`id` = 1 ORDER BY `users`.`id` ASC LIMIT 1[0m
  Rendered layouts/_nav_links_for_auth.html.erb (3.6ms)
  Rendered layouts/_navigation.html.erb (6.2ms)
  Rendered layouts/_messages.html.erb (1.4ms)
Completed 200 OK in 93ms (Views: 89.2ms | ActiveRecord: 1.0ms)


Started GET "/" for 127.0.0.1 at 2016-11-12 17:37:04 +0530
Processing by VisitorsController#index as HTML
  Rendering visitors/index.html.erb within layouts/application
  [1m[35m (0.4ms)[0m  [1m[34mSELECT COUNT(*) FROM `users`[0m
  [1m[36mUser Load (0.4ms)[0m  [1m[34mSELECT  `users`.* FROM `users` WHERE `users`.`id` = 1 ORDER BY `users`.`id` ASC LIMIT 1[0m
  Rendered visitors/index.html.erb within layouts/application (4.9ms)
  Rendered layouts/_navigation_links.html.erb (0.5ms)
  Rendered layouts/_nav_links_for_auth.html.erb (0.8ms)
  Rendered layouts/_navigation.html.erb (3.3ms)
  Rendered layouts/_messages.html.erb (0.5ms)
Completed 200 OK in 91ms (Views: 88.4ms | ActiveRecord: 0.8ms)


Started GET "/users" for 127.0.0.1 at 2016-11-12 17:37:09 +0530
Processing by UsersController#index as HTML
  [1m[36mUser Load (0.5ms)[0m  [1m[34mSELECT  `users`.* FROM `users` WHERE `users`.`id` = 1 ORDER BY `users`.`id` ASC LIMIT 1[0m
  Rendering users/index.html.erb within layouts/application
  [1m[36mUser Load (0.5ms)[0m  [1m[34mSELECT `users`.* FROM `users`[0m
  Rendered users/_user.html.erb (24.5ms)
  Rendered users/_user.html.erb (1.1ms)
  Rendered users/index.html.erb within layouts/application (29.4ms)
  Rendered layouts/_navigation_links.html.erb (0.4ms)
  Rendered layouts/_nav_links_for_auth.html.erb (0.8ms)
  Rendered layouts/_navigation.html.erb (3.2ms)
  Rendered layouts/_messages.html.erb (0.5ms)
Completed 200 OK in 102ms (Views: 97.7ms | ActiveRecord: 1.0ms)


Started GET "/" for 127.0.0.1 at 2016-11-12 17:37:14 +0530
Processing by VisitorsController#index as HTML
  Rendering visitors/index.html.erb within layouts/application
  [1m[35m (0.4ms)[0m  [1m[34mSELECT COUNT(*) FROM `users`[0m
  [1m[36mUser Load (0.4ms)[0m  [1m[34mSELECT  `users`.* FROM `users` WHERE `users`.`id` = 1 ORDER BY `users`.`id` ASC LIMIT 1[0m
  Rendered visitors/index.html.erb within layouts/application (4.6ms)
  Rendered layouts/_navigation_links.html.erb (0.5ms)
  Rendered layouts/_nav_links_for_auth.html.erb (0.9ms)
  Rendered layouts/_navigation.html.erb (3.3ms)
  Rendered layouts/_messages.html.erb (0.6ms)
Completed 200 OK in 90ms (Views: 87.5ms | ActiveRecord: 0.8ms)


Started DELETE "/users/sign_out" for 127.0.0.1 at 2016-11-12 17:37:21 +0530
Processing by Devise::SessionsController#destroy as HTML
  Parameters: {"authenticity_token"=>"q0OQUSBkp9XmOzukyKp/R6fCq8WaTynVWOZ+EMnjoYJsVjEE2LXWjuL3XXBSaG+gjv9xZjPmFD2blLth0hqAJA=="}
  [1m[36mUser Load (0.4ms)[0m  [1m[34mSELECT  `users`.* FROM `users` WHERE `users`.`id` = 1 ORDER BY `users`.`id` ASC LIMIT 1[0m
  [1m[35m (0.1ms)[0m  [1m[35mBEGIN[0m
  [1m[35m (0.2ms)[0m  [1m[35mCOMMIT[0m
Redirected to http://localhost:3000/
Completed 302 Found in 7ms (ActiveRecord: 0.8ms)


Started GET "/" for 127.0.0.1 at 2016-11-12 17:37:21 +0530
Processing by VisitorsController#index as HTML
  Rendering visitors/index.html.erb within layouts/application
  [1m[35m (0.5ms)[0m  [1m[34mSELECT COUNT(*) FROM `users`[0m
  Rendered visitors/index.html.erb within layouts/application (2.3ms)
  Rendered layouts/_navigation_links.html.erb (0.4ms)
  Rendered layouts/_nav_links_for_auth.html.erb (1.1ms)
  Rendered layouts/_navigation.html.erb (3.4ms)
  Rendered layouts/_messages.html.erb (0.7ms)
Completed 200 OK in 63ms (Views: 60.9ms | ActiveRecord: 0.5ms)


